<?xml version="1.0" encoding="UTF-8"?>
<TestRun id="a6027be6-e591-47ad-9d3e-806addc5dd99" name="chris@OMEGA 2011-04-10 20:54:49" runUser="omega\chris" xmlns="http://microsoft.com/schemas/VisualStudio/TeamTest/2010">
  <TestSettings name="Local" id="6fa36b88-2d58-4b83-8765-de14e7185a90">
    <Description>These are default test settings for a local test run.</Description>
    <Deployment enabled="false" runDeploymentRoot="chris_OMEGA 2011-04-10 20_54_49">
      <DeploymentItem filename="C:\csharp\Veritas 3\BusinessLayer\Veritas.BusinessLayer\bin\Debug\Veritas.BusinessLayer.dll" />
      <DeploymentItem filename="C:\csharp\Veritas 3\DataLayer\Veritas.DataLayer\bin\Debug\Veritas.DataLayer.dll" />
      <DeploymentItem filename="C:\csharp\Veritas 3\UI\Veritas.UI.Web\bin\Veritas.UI.Web.dll" />
      <DeploymentItem filename="C:\csharp\Veritas 3\ThirdPartyAssembelies\Moq\Moq.dll" />
    </Deployment>
    <Execution>
      <TestTypeSpecific />
      <AgentRule name="Execution Agents">
      </AgentRule>
    </Execution>
  </TestSettings>
  <Times creation="2011-04-10T20:54:49.6456670-04:00" queuing="2011-04-10T20:54:53.7499018-04:00" start="2011-04-10T20:54:54.0859210-04:00" finish="2011-04-10T20:55:02.4473992-04:00" />
  <ResultSummary outcome="Failed">
    <Counters total="73" executed="73" passed="3" error="0" failed="70" timeout="0" aborted="0" inconclusive="0" passedButRunAborted="0" notRunnable="0" notExecuted="0" disconnected="0" warning="0" completed="0" inProgress="0" pending="0" />
  </ResultSummary>
  <TestDefinitions>
    <UnitTest name="DeleteBlogEntryTest" storage="c:\csharp\veritas 3\tests\veritas.tests\bin\debug\veritas.tests.dll" id="c8d5d54a-5747-e0ad-d7b0-76377ca3dca6">
      <Execution id="a2b89748-a3b0-4fa4-ab97-9ebfdd4276bf" />
      <TestMethod codeBase="C:/csharp/Veritas 3/Tests/Veritas.Tests/bin/Debug/Veritas.Tests.DLL" adapterTypeName="Microsoft.VisualStudio.TestTools.TestTypes.Unit.UnitTestAdapter, Microsoft.VisualStudio.QualityTools.Tips.UnitTest.Adapter, Version=10.0.0.0, Culture=neutral, PublicKeyToken=b03f5f7f11d50a3a" className="Veritas.Tests.VeritasRepositoryTest, Veritas.Tests, Version=1.0.0.0, Culture=neutral, PublicKeyToken=null" name="DeleteBlogEntryTest" />
    </UnitTest>
    <UnitTest name="LogToDbTest" storage="c:\csharp\veritas 3\tests\veritas.tests\bin\debug\veritas.tests.dll" id="139ab3b5-06ed-b3a1-e294-00471518491c">
      <Execution id="d5b4affb-1d54-4849-b1c8-49cfc066b0bd" />
      <TestMethod codeBase="C:/csharp/Veritas 3/Tests/Veritas.Tests/bin/Debug/Veritas.Tests.DLL" adapterTypeName="Microsoft.VisualStudio.TestTools.TestTypes.Unit.UnitTestAdapter, Microsoft.VisualStudio.QualityTools.Tips.UnitTest.Adapter, Version=10.0.0.0, Culture=neutral, PublicKeyToken=b03f5f7f11d50a3a" className="Veritas.Tests.LoggingHandlerTest, Veritas.Tests, Version=1.0.0.0, Culture=neutral, PublicKeyToken=null" name="LogToDbTest" />
    </UnitTest>
    <UnitTest name="GetEntriesFromStartPointTest" storage="c:\csharp\veritas 3\tests\veritas.tests\bin\debug\veritas.tests.dll" id="c7fe2751-1051-530e-a619-c3e0302bb88e">
      <Execution id="4503d1b1-4d97-4695-85c8-2ad18bcd4df0" />
      <TestMethod codeBase="C:/csharp/Veritas 3/Tests/Veritas.Tests/bin/Debug/Veritas.Tests.DLL" adapterTypeName="Microsoft.VisualStudio.TestTools.TestTypes.Unit.UnitTestAdapter, Microsoft.VisualStudio.QualityTools.Tips.UnitTest.Adapter, Version=10.0.0.0, Culture=neutral, PublicKeyToken=b03f5f7f11d50a3a" className="Veritas.Tests.VeritasRepositoryTest, Veritas.Tests, Version=1.0.0.0, Culture=neutral, PublicKeyToken=null" name="GetEntriesFromStartPointTest" />
    </UnitTest>
    <UnitTest name="DeleteBlogPageTest" storage="c:\csharp\veritas 3\tests\veritas.tests\bin\debug\veritas.tests.dll" id="2e41ee7b-fef3-3171-340b-af54e8e4e820">
      <Execution id="8150ae80-bf94-4a49-b822-d45a9c4a3a7e" />
      <TestMethod codeBase="C:/csharp/Veritas 3/Tests/Veritas.Tests/bin/Debug/Veritas.Tests.DLL" adapterTypeName="Microsoft.VisualStudio.TestTools.TestTypes.Unit.UnitTestAdapter, Microsoft.VisualStudio.QualityTools.Tips.UnitTest.Adapter, Version=10.0.0.0, Culture=neutral, PublicKeyToken=b03f5f7f11d50a3a" className="Veritas.Tests.VeritasRepositoryTest, Veritas.Tests, Version=1.0.0.0, Culture=neutral, PublicKeyToken=null" name="DeleteBlogPageTest" />
    </UnitTest>
    <UnitTest name="DeleteBlogEntryViewCountTest" storage="c:\csharp\veritas 3\tests\veritas.tests\bin\debug\veritas.tests.dll" id="e7a4da5d-e505-77aa-de9b-b9803fda3f68">
      <Execution id="293ee944-8e6f-4cca-9365-9729b9479b7e" />
      <TestMethod codeBase="C:/csharp/Veritas 3/Tests/Veritas.Tests/bin/Debug/Veritas.Tests.DLL" adapterTypeName="Microsoft.VisualStudio.TestTools.TestTypes.Unit.UnitTestAdapter, Microsoft.VisualStudio.QualityTools.Tips.UnitTest.Adapter, Version=10.0.0.0, Culture=neutral, PublicKeyToken=b03f5f7f11d50a3a" className="Veritas.Tests.VeritasRepositoryTest, Veritas.Tests, Version=1.0.0.0, Culture=neutral, PublicKeyToken=null" name="DeleteBlogEntryViewCountTest" />
    </UnitTest>
    <UnitTest name="ForceNewInstanceTest" storage="c:\csharp\veritas 3\tests\veritas.tests\bin\debug\veritas.tests.dll" id="32df1724-5104-3e56-cb1c-e855f7d33c78">
      <Execution id="5a03d75d-e6bd-47c1-b1d8-cc4ae2897f82" />
      <TestMethod codeBase="C:/csharp/Veritas 3/Tests/Veritas.Tests/bin/Debug/Veritas.Tests.DLL" adapterTypeName="Microsoft.VisualStudio.TestTools.TestTypes.Unit.UnitTestAdapter, Microsoft.VisualStudio.QualityTools.Tips.UnitTest.Adapter, Version=10.0.0.0, Culture=neutral, PublicKeyToken=b03f5f7f11d50a3a" className="Veritas.Tests.VeritasRepositoryTest, Veritas.Tests, Version=1.0.0.0, Culture=neutral, PublicKeyToken=null" name="ForceNewInstanceTest" />
    </UnitTest>
    <UnitTest name="GetBlogFeedbackByFeedbackIdTest" storage="c:\csharp\veritas 3\tests\veritas.tests\bin\debug\veritas.tests.dll" id="1eb74fa0-cd49-400c-0d57-14a1a55376e2">
      <Execution id="9724a64c-458d-417b-b3ef-a5baac5fa1d4" />
      <TestMethod codeBase="C:/csharp/Veritas 3/Tests/Veritas.Tests/bin/Debug/Veritas.Tests.DLL" adapterTypeName="Microsoft.VisualStudio.TestTools.TestTypes.Unit.UnitTestAdapter, Microsoft.VisualStudio.QualityTools.Tips.UnitTest.Adapter, Version=10.0.0.0, Culture=neutral, PublicKeyToken=b03f5f7f11d50a3a" className="Veritas.Tests.VeritasRepositoryTest, Veritas.Tests, Version=1.0.0.0, Culture=neutral, PublicKeyToken=null" name="GetBlogFeedbackByFeedbackIdTest" />
    </UnitTest>
    <UnitTest name="DeleteBlogLogTest" storage="c:\csharp\veritas 3\tests\veritas.tests\bin\debug\veritas.tests.dll" id="ea3d664f-a9b3-4272-66e4-7640a3a556af">
      <Execution id="9b93822a-1df3-4fd6-9bf8-8429ce492cf4" />
      <TestMethod codeBase="C:/csharp/Veritas 3/Tests/Veritas.Tests/bin/Debug/Veritas.Tests.DLL" adapterTypeName="Microsoft.VisualStudio.TestTools.TestTypes.Unit.UnitTestAdapter, Microsoft.VisualStudio.QualityTools.Tips.UnitTest.Adapter, Version=10.0.0.0, Culture=neutral, PublicKeyToken=b03f5f7f11d50a3a" className="Veritas.Tests.VeritasRepositoryTest, Veritas.Tests, Version=1.0.0.0, Culture=neutral, PublicKeyToken=null" name="DeleteBlogLogTest" />
    </UnitTest>
    <UnitTest name="DeleteBlacklistTest" storage="c:\csharp\veritas 3\tests\veritas.tests\bin\debug\veritas.tests.dll" id="71e36249-d1d9-c9c8-c5a2-21a17f6ce0ba">
      <Execution id="71aba6d8-bd49-4ac5-96c1-81c9be783661" />
      <TestMethod codeBase="C:/csharp/Veritas 3/Tests/Veritas.Tests/bin/Debug/Veritas.Tests.DLL" adapterTypeName="Microsoft.VisualStudio.TestTools.TestTypes.Unit.UnitTestAdapter, Microsoft.VisualStudio.QualityTools.Tips.UnitTest.Adapter, Version=10.0.0.0, Culture=neutral, PublicKeyToken=b03f5f7f11d50a3a" className="Veritas.Tests.VeritasRepositoryTest, Veritas.Tests, Version=1.0.0.0, Culture=neutral, PublicKeyToken=null" name="DeleteBlacklistTest" />
    </UnitTest>
    <UnitTest name="UrlHelperTest" storage="c:\csharp\veritas 3\tests\veritas.tests\bin\debug\veritas.tests.dll" id="ba02f043-5194-b9ef-24b3-5b63efb7cd79">
      <Execution id="2f52bf5c-b5e5-4a28-a8c0-27f232491814" />
      <TestMethod codeBase="C:/csharp/Veritas 3/Tests/Veritas.Tests/bin/Debug/Veritas.Tests.DLL" adapterTypeName="Microsoft.VisualStudio.TestTools.TestTypes.Unit.UnitTestAdapter, Microsoft.VisualStudio.QualityTools.Tips.UnitTest.Adapter, Version=10.0.0.0, Culture=neutral, PublicKeyToken=b03f5f7f11d50a3a" className="Veritas.Tests.VeritasFormTest, Veritas.Tests, Version=1.0.0.0, Culture=neutral, PublicKeyToken=null" name="UrlHelperTest" />
    </UnitTest>
    <UnitTest name="DeleteBlogConfigTest" storage="c:\csharp\veritas 3\tests\veritas.tests\bin\debug\veritas.tests.dll" id="7696afef-1fde-4dc8-80d8-b0c40bea3145">
      <Execution id="1aeebaa6-9bea-4180-9c95-3d37c257e370" />
      <TestMethod codeBase="C:/csharp/Veritas 3/Tests/Veritas.Tests/bin/Debug/Veritas.Tests.DLL" adapterTypeName="Microsoft.VisualStudio.TestTools.TestTypes.Unit.UnitTestAdapter, Microsoft.VisualStudio.QualityTools.Tips.UnitTest.Adapter, Version=10.0.0.0, Culture=neutral, PublicKeyToken=b03f5f7f11d50a3a" className="Veritas.Tests.VeritasRepositoryTest, Veritas.Tests, Version=1.0.0.0, Culture=neutral, PublicKeyToken=null" name="DeleteBlogConfigTest" />
    </UnitTest>
    <UnitTest name="AddBlogLogTest" storage="c:\csharp\veritas 3\tests\veritas.tests\bin\debug\veritas.tests.dll" id="93859457-059e-f967-9d10-0d393b92ecbd">
      <Execution id="315429f7-b560-45ca-8322-219aa9f516c5" />
      <TestMethod codeBase="C:/csharp/Veritas 3/Tests/Veritas.Tests/bin/Debug/Veritas.Tests.DLL" adapterTypeName="Microsoft.VisualStudio.TestTools.TestTypes.Unit.UnitTestAdapter, Microsoft.VisualStudio.QualityTools.Tips.UnitTest.Adapter, Version=10.0.0.0, Culture=neutral, PublicKeyToken=b03f5f7f11d50a3a" className="Veritas.Tests.VeritasRepositoryTest, Veritas.Tests, Version=1.0.0.0, Culture=neutral, PublicKeyToken=null" name="AddBlogLogTest" />
    </UnitTest>
    <UnitTest name="GetRecentEntriesTest1" storage="c:\csharp\veritas 3\tests\veritas.tests\bin\debug\veritas.tests.dll" id="fb1c259e-a5d3-4d6f-eb1f-88e915527312">
      <Execution id="eced7932-b44f-4d57-bea5-b5a0ea36d2c0" />
      <TestMethod codeBase="C:/csharp/Veritas 3/Tests/Veritas.Tests/bin/Debug/Veritas.Tests.DLL" adapterTypeName="Microsoft.VisualStudio.TestTools.TestTypes.Unit.UnitTestAdapter, Microsoft.VisualStudio.QualityTools.Tips.UnitTest.Adapter, Version=10.0.0.0, Culture=neutral, PublicKeyToken=b03f5f7f11d50a3a" className="Veritas.Tests.VeritasRepositoryTest, Veritas.Tests, Version=1.0.0.0, Culture=neutral, PublicKeyToken=null" name="GetRecentEntriesTest1" />
    </UnitTest>
    <UnitTest name="AddBlacklistTest" storage="c:\csharp\veritas 3\tests\veritas.tests\bin\debug\veritas.tests.dll" id="a8e19d6e-94f1-71b9-e146-21d07ada136b">
      <Execution id="c948ae6a-6a43-4c84-97e1-826cc5b5f045" />
      <TestMethod codeBase="C:/csharp/Veritas 3/Tests/Veritas.Tests/bin/Debug/Veritas.Tests.DLL" adapterTypeName="Microsoft.VisualStudio.TestTools.TestTypes.Unit.UnitTestAdapter, Microsoft.VisualStudio.QualityTools.Tips.UnitTest.Adapter, Version=10.0.0.0, Culture=neutral, PublicKeyToken=b03f5f7f11d50a3a" className="Veritas.Tests.VeritasRepositoryTest, Veritas.Tests, Version=1.0.0.0, Culture=neutral, PublicKeyToken=null" name="AddBlacklistTest" />
    </UnitTest>
    <UnitTest name="BuildXmlFromConfigTest" storage="c:\csharp\veritas 3\tests\veritas.tests\bin\debug\veritas.tests.dll" id="dfccb8e7-e1b4-274c-8f59-e2f6a417af14">
      <Execution id="084b72ce-cc34-49ee-8435-599372fcd1c6" />
      <TestMethod codeBase="C:/csharp/Veritas 3/Tests/Veritas.Tests/bin/Debug/Veritas.Tests.DLL" adapterTypeName="Microsoft.VisualStudio.TestTools.TestTypes.Unit.UnitTestAdapter, Microsoft.VisualStudio.QualityTools.Tips.UnitTest.Adapter, Version=10.0.0.0, Culture=neutral, PublicKeyToken=b03f5f7f11d50a3a" className="Veritas.Tests.BlogConfigTest, Veritas.Tests, Version=1.0.0.0, Culture=neutral, PublicKeyToken=null" name="BuildXmlFromConfigTest" />
    </UnitTest>
    <UnitTest name="GetBlogUsersInRolesTest" storage="c:\csharp\veritas 3\tests\veritas.tests\bin\debug\veritas.tests.dll" id="a6e26627-243e-155a-eb01-98e2d1195dae">
      <Execution id="84312820-d7c5-4406-aeb2-f4627a526306" />
      <TestMethod codeBase="C:/csharp/Veritas 3/Tests/Veritas.Tests/bin/Debug/Veritas.Tests.DLL" adapterTypeName="Microsoft.VisualStudio.TestTools.TestTypes.Unit.UnitTestAdapter, Microsoft.VisualStudio.QualityTools.Tips.UnitTest.Adapter, Version=10.0.0.0, Culture=neutral, PublicKeyToken=b03f5f7f11d50a3a" className="Veritas.Tests.VeritasRepositoryTest, Veritas.Tests, Version=1.0.0.0, Culture=neutral, PublicKeyToken=null" name="GetBlogUsersInRolesTest" />
    </UnitTest>
    <UnitTest name="GetTotalEntriesByBlogConfigIDTest" storage="c:\csharp\veritas 3\tests\veritas.tests\bin\debug\veritas.tests.dll" id="94256328-6ce6-7f64-bf52-52d662d69141">
      <Execution id="1f924128-4f8b-494e-a842-8a8fd40c1e79" />
      <TestMethod codeBase="C:/csharp/Veritas 3/Tests/Veritas.Tests/bin/Debug/Veritas.Tests.DLL" adapterTypeName="Microsoft.VisualStudio.TestTools.TestTypes.Unit.UnitTestAdapter, Microsoft.VisualStudio.QualityTools.Tips.UnitTest.Adapter, Version=10.0.0.0, Culture=neutral, PublicKeyToken=b03f5f7f11d50a3a" className="Veritas.Tests.VeritasRepositoryTest, Veritas.Tests, Version=1.0.0.0, Culture=neutral, PublicKeyToken=null" name="GetTotalEntriesByBlogConfigIDTest" />
    </UnitTest>
    <UnitTest name="AddBlogEntryTest" storage="c:\csharp\veritas 3\tests\veritas.tests\bin\debug\veritas.tests.dll" id="3c04621e-74cb-9962-379a-2a39c7771507">
      <Execution id="01f71164-e622-4c33-8351-473ab0f17f11" />
      <TestMethod codeBase="C:/csharp/Veritas 3/Tests/Veritas.Tests/bin/Debug/Veritas.Tests.DLL" adapterTypeName="Microsoft.VisualStudio.TestTools.TestTypes.Unit.UnitTestAdapter, Microsoft.VisualStudio.QualityTools.Tips.UnitTest.Adapter, Version=10.0.0.0, Culture=neutral, PublicKeyToken=b03f5f7f11d50a3a" className="Veritas.Tests.VeritasRepositoryTest, Veritas.Tests, Version=1.0.0.0, Culture=neutral, PublicKeyToken=null" name="AddBlogEntryTest" />
    </UnitTest>
    <UnitTest name="GetInstanceTest" storage="c:\csharp\veritas 3\tests\veritas.tests\bin\debug\veritas.tests.dll" id="2393ba0f-b8d8-09f4-703d-82bed950d692">
      <Execution id="3e80177b-478e-48a7-8e4d-bf0a63a7e8af" />
      <TestMethod codeBase="C:/csharp/Veritas 3/Tests/Veritas.Tests/bin/Debug/Veritas.Tests.DLL" adapterTypeName="Microsoft.VisualStudio.TestTools.TestTypes.Unit.UnitTestAdapter, Microsoft.VisualStudio.QualityTools.Tips.UnitTest.Adapter, Version=10.0.0.0, Culture=neutral, PublicKeyToken=b03f5f7f11d50a3a" className="Veritas.Tests.VeritasFormTest, Veritas.Tests, Version=1.0.0.0, Culture=neutral, PublicKeyToken=null" name="GetInstanceTest" />
    </UnitTest>
    <UnitTest name="DeleteBlogCategoryTest" storage="c:\csharp\veritas 3\tests\veritas.tests\bin\debug\veritas.tests.dll" id="b3108ca4-ea15-e67e-c0db-a65c954d8ee4">
      <Execution id="e4378507-92a1-4867-8c56-89dcebfd967f" />
      <TestMethod codeBase="C:/csharp/Veritas 3/Tests/Veritas.Tests/bin/Debug/Veritas.Tests.DLL" adapterTypeName="Microsoft.VisualStudio.TestTools.TestTypes.Unit.UnitTestAdapter, Microsoft.VisualStudio.QualityTools.Tips.UnitTest.Adapter, Version=10.0.0.0, Culture=neutral, PublicKeyToken=b03f5f7f11d50a3a" className="Veritas.Tests.VeritasRepositoryTest, Veritas.Tests, Version=1.0.0.0, Culture=neutral, PublicKeyToken=null" name="DeleteBlogCategoryTest" />
    </UnitTest>
    <UnitTest name="AddBlogUserTest" storage="c:\csharp\veritas 3\tests\veritas.tests\bin\debug\veritas.tests.dll" id="9dfd7cc0-85f3-ef1f-df8a-dfd2dfaed384">
      <Execution id="ca470a35-f9f9-4179-82a2-63f83d1942f3" />
      <TestMethod codeBase="C:/csharp/Veritas 3/Tests/Veritas.Tests/bin/Debug/Veritas.Tests.DLL" adapterTypeName="Microsoft.VisualStudio.TestTools.TestTypes.Unit.UnitTestAdapter, Microsoft.VisualStudio.QualityTools.Tips.UnitTest.Adapter, Version=10.0.0.0, Culture=neutral, PublicKeyToken=b03f5f7f11d50a3a" className="Veritas.Tests.VeritasRepositoryTest, Veritas.Tests, Version=1.0.0.0, Culture=neutral, PublicKeyToken=null" name="AddBlogUserTest" />
    </UnitTest>
    <UnitTest name="DeleteBlogUserRoleTest" storage="c:\csharp\veritas 3\tests\veritas.tests\bin\debug\veritas.tests.dll" id="7f840e9f-2bcf-f981-20f2-b813f293bead">
      <Execution id="a66917c6-09aa-476d-807a-197113c7e0cd" />
      <TestMethod codeBase="C:/csharp/Veritas 3/Tests/Veritas.Tests/bin/Debug/Veritas.Tests.DLL" adapterTypeName="Microsoft.VisualStudio.TestTools.TestTypes.Unit.UnitTestAdapter, Microsoft.VisualStudio.QualityTools.Tips.UnitTest.Adapter, Version=10.0.0.0, Culture=neutral, PublicKeyToken=b03f5f7f11d50a3a" className="Veritas.Tests.VeritasRepositoryTest, Veritas.Tests, Version=1.0.0.0, Culture=neutral, PublicKeyToken=null" name="DeleteBlogUserRoleTest" />
    </UnitTest>
    <UnitTest name="GetCategoryTagsTest" storage="c:\csharp\veritas 3\tests\veritas.tests\bin\debug\veritas.tests.dll" id="1c19cc4a-22e0-ca4d-ad5c-b13ae32c220d">
      <Execution id="1e6c5008-9662-42a0-b346-4cdc41802134" />
      <TestMethod codeBase="C:/csharp/Veritas 3/Tests/Veritas.Tests/bin/Debug/Veritas.Tests.DLL" adapterTypeName="Microsoft.VisualStudio.TestTools.TestTypes.Unit.UnitTestAdapter, Microsoft.VisualStudio.QualityTools.Tips.UnitTest.Adapter, Version=10.0.0.0, Culture=neutral, PublicKeyToken=b03f5f7f11d50a3a" className="Veritas.Tests.VeritasRepositoryTest, Veritas.Tests, Version=1.0.0.0, Culture=neutral, PublicKeyToken=null" name="GetCategoryTagsTest" />
    </UnitTest>
    <UnitTest name="GetEntryByIDTest" storage="c:\csharp\veritas 3\tests\veritas.tests\bin\debug\veritas.tests.dll" id="64973faf-5d75-8380-9505-9cef889bfac8">
      <Execution id="d007e62c-60ec-4bb1-bab7-b1576bdc5a83" />
      <TestMethod codeBase="C:/csharp/Veritas 3/Tests/Veritas.Tests/bin/Debug/Veritas.Tests.DLL" adapterTypeName="Microsoft.VisualStudio.TestTools.TestTypes.Unit.UnitTestAdapter, Microsoft.VisualStudio.QualityTools.Tips.UnitTest.Adapter, Version=10.0.0.0, Culture=neutral, PublicKeyToken=b03f5f7f11d50a3a" className="Veritas.Tests.VeritasRepositoryTest, Veritas.Tests, Version=1.0.0.0, Culture=neutral, PublicKeyToken=null" name="GetEntryByIDTest" />
    </UnitTest>
    <UnitTest name="LogToFileDetailsTest" storage="c:\csharp\veritas 3\tests\veritas.tests\bin\debug\veritas.tests.dll" id="3a823fd7-1fe1-4ff6-4b84-5f99c9fb80fe">
      <Execution id="f34a51e8-e8f4-47bd-8722-a5d320662bcf" />
      <TestMethod codeBase="C:/csharp/Veritas 3/Tests/Veritas.Tests/bin/Debug/Veritas.Tests.DLL" adapterTypeName="Microsoft.VisualStudio.TestTools.TestTypes.Unit.UnitTestAdapter, Microsoft.VisualStudio.QualityTools.Tips.UnitTest.Adapter, Version=10.0.0.0, Culture=neutral, PublicKeyToken=b03f5f7f11d50a3a" className="Veritas.Tests.LoggingHandlerTest, Veritas.Tests, Version=1.0.0.0, Culture=neutral, PublicKeyToken=null" name="LogToFileDetailsTest" />
    </UnitTest>
    <UnitTest name="GetBlogFeedbackAuthorsTest" storage="c:\csharp\veritas 3\tests\veritas.tests\bin\debug\veritas.tests.dll" id="447be92f-5d52-346d-beb6-d91f0b0d0de7">
      <Execution id="eea8e347-28c1-41e8-bf04-fd90bd17b02e" />
      <TestMethod codeBase="C:/csharp/Veritas 3/Tests/Veritas.Tests/bin/Debug/Veritas.Tests.DLL" adapterTypeName="Microsoft.VisualStudio.TestTools.TestTypes.Unit.UnitTestAdapter, Microsoft.VisualStudio.QualityTools.Tips.UnitTest.Adapter, Version=10.0.0.0, Culture=neutral, PublicKeyToken=b03f5f7f11d50a3a" className="Veritas.Tests.VeritasRepositoryTest, Veritas.Tests, Version=1.0.0.0, Culture=neutral, PublicKeyToken=null" name="GetBlogFeedbackAuthorsTest" />
    </UnitTest>
    <UnitTest name="LogToDbExceptionTest" storage="c:\csharp\veritas 3\tests\veritas.tests\bin\debug\veritas.tests.dll" id="d36ead82-8c1b-369b-cd71-07dfae01f04a">
      <Execution id="6fdb604b-7d4c-4225-bf58-17a2bd7252f5" />
      <TestMethod codeBase="C:/csharp/Veritas 3/Tests/Veritas.Tests/bin/Debug/Veritas.Tests.DLL" adapterTypeName="Microsoft.VisualStudio.TestTools.TestTypes.Unit.UnitTestAdapter, Microsoft.VisualStudio.QualityTools.Tips.UnitTest.Adapter, Version=10.0.0.0, Culture=neutral, PublicKeyToken=b03f5f7f11d50a3a" className="Veritas.Tests.LoggingHandlerTest, Veritas.Tests, Version=1.0.0.0, Culture=neutral, PublicKeyToken=null" name="LogToDbExceptionTest" />
    </UnitTest>
    <UnitTest name="DeleteBlogMenuItemTest" storage="c:\csharp\veritas 3\tests\veritas.tests\bin\debug\veritas.tests.dll" id="e6165e7d-f344-cfae-dc8d-31f21eb72b18">
      <Execution id="cc592b93-6c53-4572-bc36-5178a9ec1738" />
      <TestMethod codeBase="C:/csharp/Veritas 3/Tests/Veritas.Tests/bin/Debug/Veritas.Tests.DLL" adapterTypeName="Microsoft.VisualStudio.TestTools.TestTypes.Unit.UnitTestAdapter, Microsoft.VisualStudio.QualityTools.Tips.UnitTest.Adapter, Version=10.0.0.0, Culture=neutral, PublicKeyToken=b03f5f7f11d50a3a" className="Veritas.Tests.VeritasRepositoryTest, Veritas.Tests, Version=1.0.0.0, Culture=neutral, PublicKeyToken=null" name="DeleteBlogMenuItemTest" />
    </UnitTest>
    <UnitTest name="AddBlogMenuItemTest" storage="c:\csharp\veritas 3\tests\veritas.tests\bin\debug\veritas.tests.dll" id="32ea4c9f-3078-f85d-0e69-a67efb28c540">
      <Execution id="56763bfb-31ee-4304-bbb4-554a5f80bd82" />
      <TestMethod codeBase="C:/csharp/Veritas 3/Tests/Veritas.Tests/bin/Debug/Veritas.Tests.DLL" adapterTypeName="Microsoft.VisualStudio.TestTools.TestTypes.Unit.UnitTestAdapter, Microsoft.VisualStudio.QualityTools.Tips.UnitTest.Adapter, Version=10.0.0.0, Culture=neutral, PublicKeyToken=b03f5f7f11d50a3a" className="Veritas.Tests.VeritasRepositoryTest, Veritas.Tests, Version=1.0.0.0, Culture=neutral, PublicKeyToken=null" name="AddBlogMenuItemTest" />
    </UnitTest>
    <UnitTest name="GetFeedbackForRSSTest" storage="c:\csharp\veritas 3\tests\veritas.tests\bin\debug\veritas.tests.dll" id="026b8766-739e-be5a-bbeb-7fe4653d0b92">
      <Execution id="fcc4096f-86df-480f-89a6-17366e624c9d" />
      <TestMethod codeBase="C:/csharp/Veritas 3/Tests/Veritas.Tests/bin/Debug/Veritas.Tests.DLL" adapterTypeName="Microsoft.VisualStudio.TestTools.TestTypes.Unit.UnitTestAdapter, Microsoft.VisualStudio.QualityTools.Tips.UnitTest.Adapter, Version=10.0.0.0, Culture=neutral, PublicKeyToken=b03f5f7f11d50a3a" className="Veritas.Tests.VeritasRepositoryTest, Veritas.Tests, Version=1.0.0.0, Culture=neutral, PublicKeyToken=null" name="GetFeedbackForRSSTest" />
    </UnitTest>
    <UnitTest name="DeleteBlogFeedbackTest" storage="c:\csharp\veritas 3\tests\veritas.tests\bin\debug\veritas.tests.dll" id="1869c27a-e993-ce54-ae8d-43097acfe7b5">
      <Execution id="4ec74568-c48c-4967-ab35-70e425ece756" />
      <TestMethod codeBase="C:/csharp/Veritas 3/Tests/Veritas.Tests/bin/Debug/Veritas.Tests.DLL" adapterTypeName="Microsoft.VisualStudio.TestTools.TestTypes.Unit.UnitTestAdapter, Microsoft.VisualStudio.QualityTools.Tips.UnitTest.Adapter, Version=10.0.0.0, Culture=neutral, PublicKeyToken=b03f5f7f11d50a3a" className="Veritas.Tests.VeritasRepositoryTest, Veritas.Tests, Version=1.0.0.0, Culture=neutral, PublicKeyToken=null" name="DeleteBlogFeedbackTest" />
    </UnitTest>
    <UnitTest name="ChangePasswordTest" storage="c:\csharp\veritas 3\tests\veritas.tests\bin\debug\veritas.tests.dll" id="36229b7c-e11e-405f-d310-8a1627280a02">
      <Execution id="bd151ee0-b685-44bb-b0ce-7dc252d08afd" />
      <TestMethod codeBase="C:/csharp/Veritas 3/Tests/Veritas.Tests/bin/Debug/Veritas.Tests.DLL" adapterTypeName="Microsoft.VisualStudio.TestTools.TestTypes.Unit.UnitTestAdapter, Microsoft.VisualStudio.QualityTools.Tips.UnitTest.Adapter, Version=10.0.0.0, Culture=neutral, PublicKeyToken=b03f5f7f11d50a3a" className="Veritas.Tests.VeritasRepositoryTest, Veritas.Tests, Version=1.0.0.0, Culture=neutral, PublicKeyToken=null" name="ChangePasswordTest" />
    </UnitTest>
    <UnitTest name="UpdateEntryViewCountForWebTest" storage="c:\csharp\veritas 3\tests\veritas.tests\bin\debug\veritas.tests.dll" id="d23de06b-65d4-8455-c8d5-757ad66cadc4">
      <Execution id="4e87e801-30e0-48e5-8fe4-43cc2c8c51b7" />
      <TestMethod codeBase="C:/csharp/Veritas 3/Tests/Veritas.Tests/bin/Debug/Veritas.Tests.DLL" adapterTypeName="Microsoft.VisualStudio.TestTools.TestTypes.Unit.UnitTestAdapter, Microsoft.VisualStudio.QualityTools.Tips.UnitTest.Adapter, Version=10.0.0.0, Culture=neutral, PublicKeyToken=b03f5f7f11d50a3a" className="Veritas.Tests.VeritasRepositoryTest, Veritas.Tests, Version=1.0.0.0, Culture=neutral, PublicKeyToken=null" name="UpdateEntryViewCountForWebTest" />
    </UnitTest>
    <UnitTest name="GetAllBlogConfigsTest" storage="c:\csharp\veritas 3\tests\veritas.tests\bin\debug\veritas.tests.dll" id="61b09f33-a84d-6c47-2176-a62ceb3b834b">
      <Execution id="6120ca65-af1e-4244-ab5e-67730b1a54ba" />
      <TestMethod codeBase="C:/csharp/Veritas 3/Tests/Veritas.Tests/bin/Debug/Veritas.Tests.DLL" adapterTypeName="Microsoft.VisualStudio.TestTools.TestTypes.Unit.UnitTestAdapter, Microsoft.VisualStudio.QualityTools.Tips.UnitTest.Adapter, Version=10.0.0.0, Culture=neutral, PublicKeyToken=b03f5f7f11d50a3a" className="Veritas.Tests.VeritasRepositoryTest, Veritas.Tests, Version=1.0.0.0, Culture=neutral, PublicKeyToken=null" name="GetAllBlogConfigsTest" />
    </UnitTest>
    <UnitTest name="IsUserAuthorTest" storage="c:\csharp\veritas 3\tests\veritas.tests\bin\debug\veritas.tests.dll" id="c3fd992c-7d73-9162-4bb1-c19b72ab56b4">
      <Execution id="2dcd5189-fe6d-48f2-93bd-f84ac265b809" />
      <TestMethod codeBase="C:/csharp/Veritas 3/Tests/Veritas.Tests/bin/Debug/Veritas.Tests.DLL" adapterTypeName="Microsoft.VisualStudio.TestTools.TestTypes.Unit.UnitTestAdapter, Microsoft.VisualStudio.QualityTools.Tips.UnitTest.Adapter, Version=10.0.0.0, Culture=neutral, PublicKeyToken=b03f5f7f11d50a3a" className="Veritas.Tests.VeritasRepositoryTest, Veritas.Tests, Version=1.0.0.0, Culture=neutral, PublicKeyToken=null" name="IsUserAuthorTest" />
    </UnitTest>
    <UnitTest name="AddBlogRoleTest" storage="c:\csharp\veritas 3\tests\veritas.tests\bin\debug\veritas.tests.dll" id="8b7a3a0d-042c-87af-c45b-c0ad4d74a982">
      <Execution id="bda83cc9-6485-4e38-8e98-c751defb8976" />
      <TestMethod codeBase="C:/csharp/Veritas 3/Tests/Veritas.Tests/bin/Debug/Veritas.Tests.DLL" adapterTypeName="Microsoft.VisualStudio.TestTools.TestTypes.Unit.UnitTestAdapter, Microsoft.VisualStudio.QualityTools.Tips.UnitTest.Adapter, Version=10.0.0.0, Culture=neutral, PublicKeyToken=b03f5f7f11d50a3a" className="Veritas.Tests.VeritasRepositoryTest, Veritas.Tests, Version=1.0.0.0, Culture=neutral, PublicKeyToken=null" name="AddBlogRoleTest" />
    </UnitTest>
    <UnitTest name="DeleteBlogFeedbackAuthorTest" storage="c:\csharp\veritas 3\tests\veritas.tests\bin\debug\veritas.tests.dll" id="37ace099-1128-37d4-2a91-a82f649644a6">
      <Execution id="5d42b284-0de0-4d80-9294-ac338eb10c0c" />
      <TestMethod codeBase="C:/csharp/Veritas 3/Tests/Veritas.Tests/bin/Debug/Veritas.Tests.DLL" adapterTypeName="Microsoft.VisualStudio.TestTools.TestTypes.Unit.UnitTestAdapter, Microsoft.VisualStudio.QualityTools.Tips.UnitTest.Adapter, Version=10.0.0.0, Culture=neutral, PublicKeyToken=b03f5f7f11d50a3a" className="Veritas.Tests.VeritasRepositoryTest, Veritas.Tests, Version=1.0.0.0, Culture=neutral, PublicKeyToken=null" name="DeleteBlogFeedbackAuthorTest" />
    </UnitTest>
    <UnitTest name="DoesEntryTitleExistTest" storage="c:\csharp\veritas 3\tests\veritas.tests\bin\debug\veritas.tests.dll" id="c82f563e-2472-65c4-c0ec-829ca77722c8">
      <Execution id="19b0d87b-adc4-442e-87cc-5dcd645f37e3" />
      <TestMethod codeBase="C:/csharp/Veritas 3/Tests/Veritas.Tests/bin/Debug/Veritas.Tests.DLL" adapterTypeName="Microsoft.VisualStudio.TestTools.TestTypes.Unit.UnitTestAdapter, Microsoft.VisualStudio.QualityTools.Tips.UnitTest.Adapter, Version=10.0.0.0, Culture=neutral, PublicKeyToken=b03f5f7f11d50a3a" className="Veritas.Tests.VeritasRepositoryTest, Veritas.Tests, Version=1.0.0.0, Culture=neutral, PublicKeyToken=null" name="DoesEntryTitleExistTest" />
    </UnitTest>
    <UnitTest name="AddBlogEntryCategoryTest" storage="c:\csharp\veritas 3\tests\veritas.tests\bin\debug\veritas.tests.dll" id="01987b87-3a3d-db43-9609-d6303ea08a6b">
      <Execution id="33e92865-12bf-4a7a-84b4-f4c1145cd3a6" />
      <TestMethod codeBase="C:/csharp/Veritas 3/Tests/Veritas.Tests/bin/Debug/Veritas.Tests.DLL" adapterTypeName="Microsoft.VisualStudio.TestTools.TestTypes.Unit.UnitTestAdapter, Microsoft.VisualStudio.QualityTools.Tips.UnitTest.Adapter, Version=10.0.0.0, Culture=neutral, PublicKeyToken=b03f5f7f11d50a3a" className="Veritas.Tests.VeritasRepositoryTest, Veritas.Tests, Version=1.0.0.0, Culture=neutral, PublicKeyToken=null" name="AddBlogEntryCategoryTest" />
    </UnitTest>
    <UnitTest name="GetRolesForUserTest" storage="c:\csharp\veritas 3\tests\veritas.tests\bin\debug\veritas.tests.dll" id="a26c9cbb-705c-d281-2c59-aa583852ac80">
      <Execution id="3f4c51c6-5f3f-4b61-a896-65172909334a" />
      <TestMethod codeBase="C:/csharp/Veritas 3/Tests/Veritas.Tests/bin/Debug/Veritas.Tests.DLL" adapterTypeName="Microsoft.VisualStudio.TestTools.TestTypes.Unit.UnitTestAdapter, Microsoft.VisualStudio.QualityTools.Tips.UnitTest.Adapter, Version=10.0.0.0, Culture=neutral, PublicKeyToken=b03f5f7f11d50a3a" className="Veritas.Tests.VeritasRepositoryTest, Veritas.Tests, Version=1.0.0.0, Culture=neutral, PublicKeyToken=null" name="GetRolesForUserTest" />
    </UnitTest>
    <UnitTest name="AddBlogCategoryTest" storage="c:\csharp\veritas 3\tests\veritas.tests\bin\debug\veritas.tests.dll" id="b0df2616-61bf-71de-a7bd-47ff2b15d236">
      <Execution id="8150e7ba-bafe-4026-a865-f8831181e1e8" />
      <TestMethod codeBase="C:/csharp/Veritas 3/Tests/Veritas.Tests/bin/Debug/Veritas.Tests.DLL" adapterTypeName="Microsoft.VisualStudio.TestTools.TestTypes.Unit.UnitTestAdapter, Microsoft.VisualStudio.QualityTools.Tips.UnitTest.Adapter, Version=10.0.0.0, Culture=neutral, PublicKeyToken=b03f5f7f11d50a3a" className="Veritas.Tests.VeritasRepositoryTest, Veritas.Tests, Version=1.0.0.0, Culture=neutral, PublicKeyToken=null" name="AddBlogCategoryTest" />
    </UnitTest>
    <UnitTest name="DeleteBlogEntryCategoryTest" storage="c:\csharp\veritas 3\tests\veritas.tests\bin\debug\veritas.tests.dll" id="a925c3a4-eed3-17c5-a249-f29a0ff63ed6">
      <Execution id="30f1ac3d-53fe-4534-8896-955bb9d7ca1c" />
      <TestMethod codeBase="C:/csharp/Veritas 3/Tests/Veritas.Tests/bin/Debug/Veritas.Tests.DLL" adapterTypeName="Microsoft.VisualStudio.TestTools.TestTypes.Unit.UnitTestAdapter, Microsoft.VisualStudio.QualityTools.Tips.UnitTest.Adapter, Version=10.0.0.0, Culture=neutral, PublicKeyToken=b03f5f7f11d50a3a" className="Veritas.Tests.VeritasRepositoryTest, Veritas.Tests, Version=1.0.0.0, Culture=neutral, PublicKeyToken=null" name="DeleteBlogEntryCategoryTest" />
    </UnitTest>
    <UnitTest name="AddBlogMediaTest" storage="c:\csharp\veritas 3\tests\veritas.tests\bin\debug\veritas.tests.dll" id="97be4ddb-9491-09af-23fc-591644993d18">
      <Execution id="0f13f46b-64be-4729-af95-7666972fed10" />
      <TestMethod codeBase="C:/csharp/Veritas 3/Tests/Veritas.Tests/bin/Debug/Veritas.Tests.DLL" adapterTypeName="Microsoft.VisualStudio.TestTools.TestTypes.Unit.UnitTestAdapter, Microsoft.VisualStudio.QualityTools.Tips.UnitTest.Adapter, Version=10.0.0.0, Culture=neutral, PublicKeyToken=b03f5f7f11d50a3a" className="Veritas.Tests.VeritasRepositoryTest, Veritas.Tests, Version=1.0.0.0, Culture=neutral, PublicKeyToken=null" name="AddBlogMediaTest" />
    </UnitTest>
    <UnitTest name="AddBlogFeedbackTest" storage="c:\csharp\veritas 3\tests\veritas.tests\bin\debug\veritas.tests.dll" id="b4e556fb-0ea0-19cc-b9f9-56dab34cad84">
      <Execution id="69ca1c43-8437-40ca-8311-a07f41b1b9c0" />
      <TestMethod codeBase="C:/csharp/Veritas 3/Tests/Veritas.Tests/bin/Debug/Veritas.Tests.DLL" adapterTypeName="Microsoft.VisualStudio.TestTools.TestTypes.Unit.UnitTestAdapter, Microsoft.VisualStudio.QualityTools.Tips.UnitTest.Adapter, Version=10.0.0.0, Culture=neutral, PublicKeyToken=b03f5f7f11d50a3a" className="Veritas.Tests.VeritasRepositoryTest, Veritas.Tests, Version=1.0.0.0, Culture=neutral, PublicKeyToken=null" name="AddBlogFeedbackTest" />
    </UnitTest>
    <UnitTest name="SaveEntryCategoryAssociationTest" storage="c:\csharp\veritas 3\tests\veritas.tests\bin\debug\veritas.tests.dll" id="042b6979-c19a-ccbf-dc3a-0097b07257a8">
      <Execution id="48f6b05c-4673-4696-8f9b-1f05a20a0efc" />
      <TestMethod codeBase="C:/csharp/Veritas 3/Tests/Veritas.Tests/bin/Debug/Veritas.Tests.DLL" adapterTypeName="Microsoft.VisualStudio.TestTools.TestTypes.Unit.UnitTestAdapter, Microsoft.VisualStudio.QualityTools.Tips.UnitTest.Adapter, Version=10.0.0.0, Culture=neutral, PublicKeyToken=b03f5f7f11d50a3a" className="Veritas.Tests.VeritasRepositoryTest, Veritas.Tests, Version=1.0.0.0, Culture=neutral, PublicKeyToken=null" name="SaveEntryCategoryAssociationTest" />
    </UnitTest>
    <UnitTest name="GetEntryByEntryNameAndBlogConfigIDTest" storage="c:\csharp\veritas 3\tests\veritas.tests\bin\debug\veritas.tests.dll" id="40112a03-71da-3b8f-6c9c-cbc7fe86d163">
      <Execution id="e0d18f22-ebf7-4b7f-b027-7a43b290d8e8" />
      <TestMethod codeBase="C:/csharp/Veritas 3/Tests/Veritas.Tests/bin/Debug/Veritas.Tests.DLL" adapterTypeName="Microsoft.VisualStudio.TestTools.TestTypes.Unit.UnitTestAdapter, Microsoft.VisualStudio.QualityTools.Tips.UnitTest.Adapter, Version=10.0.0.0, Culture=neutral, PublicKeyToken=b03f5f7f11d50a3a" className="Veritas.Tests.VeritasRepositoryTest, Veritas.Tests, Version=1.0.0.0, Culture=neutral, PublicKeyToken=null" name="GetEntryByEntryNameAndBlogConfigIDTest" />
    </UnitTest>
    <UnitTest name="AddBlogUserRoleTest" storage="c:\csharp\veritas 3\tests\veritas.tests\bin\debug\veritas.tests.dll" id="c20da52c-e354-0953-79b7-81d22629dba1">
      <Execution id="61377a28-ef37-41cb-af8f-412b6deda0a9" />
      <TestMethod codeBase="C:/csharp/Veritas 3/Tests/Veritas.Tests/bin/Debug/Veritas.Tests.DLL" adapterTypeName="Microsoft.VisualStudio.TestTools.TestTypes.Unit.UnitTestAdapter, Microsoft.VisualStudio.QualityTools.Tips.UnitTest.Adapter, Version=10.0.0.0, Culture=neutral, PublicKeyToken=b03f5f7f11d50a3a" className="Veritas.Tests.VeritasRepositoryTest, Veritas.Tests, Version=1.0.0.0, Culture=neutral, PublicKeyToken=null" name="AddBlogUserRoleTest" />
    </UnitTest>
    <UnitTest name="GetInstanceTest" storage="c:\csharp\veritas 3\tests\veritas.tests\bin\debug\veritas.tests.dll" id="da025daa-9a08-5d83-0a31-8339d11dde9a">
      <Execution id="230159b1-e2c7-46ba-8c82-2896faed988b" />
      <TestMethod codeBase="C:/csharp/Veritas 3/Tests/Veritas.Tests/bin/Debug/Veritas.Tests.DLL" adapterTypeName="Microsoft.VisualStudio.TestTools.TestTypes.Unit.UnitTestAdapter, Microsoft.VisualStudio.QualityTools.Tips.UnitTest.Adapter, Version=10.0.0.0, Culture=neutral, PublicKeyToken=b03f5f7f11d50a3a" className="Veritas.Tests.VeritasRepositoryTest, Veritas.Tests, Version=1.0.0.0, Culture=neutral, PublicKeyToken=null" name="GetInstanceTest" />
    </UnitTest>
    <UnitTest name="DeleteBlogMediaTest" storage="c:\csharp\veritas 3\tests\veritas.tests\bin\debug\veritas.tests.dll" id="53becad3-33a7-00ee-0240-9413a3aa2dc9">
      <Execution id="48757fc8-f1b1-4bfb-8fff-571e10a4b95a" />
      <TestMethod codeBase="C:/csharp/Veritas 3/Tests/Veritas.Tests/bin/Debug/Veritas.Tests.DLL" adapterTypeName="Microsoft.VisualStudio.TestTools.TestTypes.Unit.UnitTestAdapter, Microsoft.VisualStudio.QualityTools.Tips.UnitTest.Adapter, Version=10.0.0.0, Culture=neutral, PublicKeyToken=b03f5f7f11d50a3a" className="Veritas.Tests.VeritasRepositoryTest, Veritas.Tests, Version=1.0.0.0, Culture=neutral, PublicKeyToken=null" name="DeleteBlogMediaTest" />
    </UnitTest>
    <UnitTest name="DeleteRoleTest" storage="c:\csharp\veritas 3\tests\veritas.tests\bin\debug\veritas.tests.dll" id="0b5551a8-44fe-0086-cd48-840ba46daa4c">
      <Execution id="b6c38952-bd51-43cd-938d-9271978cc037" />
      <TestMethod codeBase="C:/csharp/Veritas 3/Tests/Veritas.Tests/bin/Debug/Veritas.Tests.DLL" adapterTypeName="Microsoft.VisualStudio.TestTools.TestTypes.Unit.UnitTestAdapter, Microsoft.VisualStudio.QualityTools.Tips.UnitTest.Adapter, Version=10.0.0.0, Culture=neutral, PublicKeyToken=b03f5f7f11d50a3a" className="Veritas.Tests.VeritasRepositoryTest, Veritas.Tests, Version=1.0.0.0, Culture=neutral, PublicKeyToken=null" name="DeleteRoleTest" />
    </UnitTest>
    <UnitTest name="GetRecentEntriesTest" storage="c:\csharp\veritas 3\tests\veritas.tests\bin\debug\veritas.tests.dll" id="86ae8cf4-3833-2fad-c57d-65e1cca1a97e">
      <Execution id="18c2773e-9ce7-4d9a-b71b-1d04dd3b851c" />
      <TestMethod codeBase="C:/csharp/Veritas 3/Tests/Veritas.Tests/bin/Debug/Veritas.Tests.DLL" adapterTypeName="Microsoft.VisualStudio.TestTools.TestTypes.Unit.UnitTestAdapter, Microsoft.VisualStudio.QualityTools.Tips.UnitTest.Adapter, Version=10.0.0.0, Culture=neutral, PublicKeyToken=b03f5f7f11d50a3a" className="Veritas.Tests.VeritasRepositoryTest, Veritas.Tests, Version=1.0.0.0, Culture=neutral, PublicKeyToken=null" name="GetRecentEntriesTest" />
    </UnitTest>
    <UnitTest name="LogToFileExceptionTest" storage="c:\csharp\veritas 3\tests\veritas.tests\bin\debug\veritas.tests.dll" id="e4773567-3b44-5087-89c9-4a1812d30763">
      <Execution id="3bd8ae49-55e1-4530-a11d-beecb6bcf972" />
      <TestMethod codeBase="C:/csharp/Veritas 3/Tests/Veritas.Tests/bin/Debug/Veritas.Tests.DLL" adapterTypeName="Microsoft.VisualStudio.TestTools.TestTypes.Unit.UnitTestAdapter, Microsoft.VisualStudio.QualityTools.Tips.UnitTest.Adapter, Version=10.0.0.0, Culture=neutral, PublicKeyToken=b03f5f7f11d50a3a" className="Veritas.Tests.LoggingHandlerTest, Veritas.Tests, Version=1.0.0.0, Culture=neutral, PublicKeyToken=null" name="LogToFileExceptionTest" />
    </UnitTest>
    <UnitTest name="GetEntriesForRSSTest" storage="c:\csharp\veritas 3\tests\veritas.tests\bin\debug\veritas.tests.dll" id="464b4773-3c3d-7907-26d3-b60de49d5985">
      <Execution id="5f422c62-fe33-4c96-aaa3-bf1127d734e7" />
      <TestMethod codeBase="C:/csharp/Veritas 3/Tests/Veritas.Tests/bin/Debug/Veritas.Tests.DLL" adapterTypeName="Microsoft.VisualStudio.TestTools.TestTypes.Unit.UnitTestAdapter, Microsoft.VisualStudio.QualityTools.Tips.UnitTest.Adapter, Version=10.0.0.0, Culture=neutral, PublicKeyToken=b03f5f7f11d50a3a" className="Veritas.Tests.VeritasRepositoryTest, Veritas.Tests, Version=1.0.0.0, Culture=neutral, PublicKeyToken=null" name="GetEntriesForRSSTest" />
    </UnitTest>
    <UnitTest name="HtmlHelperTest" storage="c:\csharp\veritas 3\tests\veritas.tests\bin\debug\veritas.tests.dll" id="337b107f-1e00-0d6b-e2d1-32688c0a2d69">
      <Execution id="f81883e8-8e5f-4945-8258-7966efcd66ba" />
      <TestMethod codeBase="C:/csharp/Veritas 3/Tests/Veritas.Tests/bin/Debug/Veritas.Tests.DLL" adapterTypeName="Microsoft.VisualStudio.TestTools.TestTypes.Unit.UnitTestAdapter, Microsoft.VisualStudio.QualityTools.Tips.UnitTest.Adapter, Version=10.0.0.0, Culture=neutral, PublicKeyToken=b03f5f7f11d50a3a" className="Veritas.Tests.VeritasFormTest, Veritas.Tests, Version=1.0.0.0, Culture=neutral, PublicKeyToken=null" name="HtmlHelperTest" />
    </UnitTest>
    <UnitTest name="GetBlacklistsForEmailAddressesTest" storage="c:\csharp\veritas 3\tests\veritas.tests\bin\debug\veritas.tests.dll" id="2e1a565c-54b6-6d27-d1fd-b82cf7050f9f">
      <Execution id="7b2f3a4a-2f61-4870-b0f1-639611f2ad92" />
      <TestMethod codeBase="C:/csharp/Veritas 3/Tests/Veritas.Tests/bin/Debug/Veritas.Tests.DLL" adapterTypeName="Microsoft.VisualStudio.TestTools.TestTypes.Unit.UnitTestAdapter, Microsoft.VisualStudio.QualityTools.Tips.UnitTest.Adapter, Version=10.0.0.0, Culture=neutral, PublicKeyToken=b03f5f7f11d50a3a" className="Veritas.Tests.VeritasRepositoryTest, Veritas.Tests, Version=1.0.0.0, Culture=neutral, PublicKeyToken=null" name="GetBlacklistsForEmailAddressesTest" />
    </UnitTest>
    <UnitTest name="GetBlogConfigByHostnameTest" storage="c:\csharp\veritas 3\tests\veritas.tests\bin\debug\veritas.tests.dll" id="3dfb5b00-6af1-8a3a-ef1c-5ceec79b8cef">
      <Execution id="f46b50d6-67cf-4c14-a692-e2f96c880563" />
      <TestMethod codeBase="C:/csharp/Veritas 3/Tests/Veritas.Tests/bin/Debug/Veritas.Tests.DLL" adapterTypeName="Microsoft.VisualStudio.TestTools.TestTypes.Unit.UnitTestAdapter, Microsoft.VisualStudio.QualityTools.Tips.UnitTest.Adapter, Version=10.0.0.0, Culture=neutral, PublicKeyToken=b03f5f7f11d50a3a" className="Veritas.Tests.VeritasRepositoryTest, Veritas.Tests, Version=1.0.0.0, Culture=neutral, PublicKeyToken=null" name="GetBlogConfigByHostnameTest" />
    </UnitTest>
    <UnitTest name="GetBlogCategoryByCategoryIdTest" storage="c:\csharp\veritas 3\tests\veritas.tests\bin\debug\veritas.tests.dll" id="9dd330af-5fac-7a94-8223-43d6eccab16e">
      <Execution id="a02443bf-f354-40a1-9e36-287c669b0df9" />
      <TestMethod codeBase="C:/csharp/Veritas 3/Tests/Veritas.Tests/bin/Debug/Veritas.Tests.DLL" adapterTypeName="Microsoft.VisualStudio.TestTools.TestTypes.Unit.UnitTestAdapter, Microsoft.VisualStudio.QualityTools.Tips.UnitTest.Adapter, Version=10.0.0.0, Culture=neutral, PublicKeyToken=b03f5f7f11d50a3a" className="Veritas.Tests.VeritasRepositoryTest, Veritas.Tests, Version=1.0.0.0, Culture=neutral, PublicKeyToken=null" name="GetBlogCategoryByCategoryIdTest" />
    </UnitTest>
    <UnitTest name="AddBlogPageTest" storage="c:\csharp\veritas 3\tests\veritas.tests\bin\debug\veritas.tests.dll" id="50d2e327-01c8-4afe-af7a-33efde48d29a">
      <Execution id="be969717-5e4d-44d8-8071-83f0435f7304" />
      <TestMethod codeBase="C:/csharp/Veritas 3/Tests/Veritas.Tests/bin/Debug/Veritas.Tests.DLL" adapterTypeName="Microsoft.VisualStudio.TestTools.TestTypes.Unit.UnitTestAdapter, Microsoft.VisualStudio.QualityTools.Tips.UnitTest.Adapter, Version=10.0.0.0, Culture=neutral, PublicKeyToken=b03f5f7f11d50a3a" className="Veritas.Tests.VeritasRepositoryTest, Veritas.Tests, Version=1.0.0.0, Culture=neutral, PublicKeyToken=null" name="AddBlogPageTest" />
    </UnitTest>
    <UnitTest name="DeleteBlogUserTest" storage="c:\csharp\veritas 3\tests\veritas.tests\bin\debug\veritas.tests.dll" id="63d2c77d-2f2a-4f48-15e6-e83e7f4bcded">
      <Execution id="cb86a0ab-93ea-4fcd-bf9b-ce9a3e09b60b" />
      <TestMethod codeBase="C:/csharp/Veritas 3/Tests/Veritas.Tests/bin/Debug/Veritas.Tests.DLL" adapterTypeName="Microsoft.VisualStudio.TestTools.TestTypes.Unit.UnitTestAdapter, Microsoft.VisualStudio.QualityTools.Tips.UnitTest.Adapter, Version=10.0.0.0, Culture=neutral, PublicKeyToken=b03f5f7f11d50a3a" className="Veritas.Tests.VeritasRepositoryTest, Veritas.Tests, Version=1.0.0.0, Culture=neutral, PublicKeyToken=null" name="DeleteBlogUserTest" />
    </UnitTest>
    <UnitTest name="DoesCategoryExistTest" storage="c:\csharp\veritas 3\tests\veritas.tests\bin\debug\veritas.tests.dll" id="11bc5341-5162-cad2-945c-c25f636c9c39">
      <Execution id="e819e997-5be6-4fec-87be-976afd93b128" />
      <TestMethod codeBase="C:/csharp/Veritas 3/Tests/Veritas.Tests/bin/Debug/Veritas.Tests.DLL" adapterTypeName="Microsoft.VisualStudio.TestTools.TestTypes.Unit.UnitTestAdapter, Microsoft.VisualStudio.QualityTools.Tips.UnitTest.Adapter, Version=10.0.0.0, Culture=neutral, PublicKeyToken=b03f5f7f11d50a3a" className="Veritas.Tests.VeritasRepositoryTest, Veritas.Tests, Version=1.0.0.0, Culture=neutral, PublicKeyToken=null" name="DoesCategoryExistTest" />
    </UnitTest>
    <UnitTest name="GetTotalEntriesByBlogConfigIdAndCategoryTest" storage="c:\csharp\veritas 3\tests\veritas.tests\bin\debug\veritas.tests.dll" id="0364fa97-23e8-9d43-8c56-804653725181">
      <Execution id="04a305fe-c9fc-4134-a14a-236d945d34b5" />
      <TestMethod codeBase="C:/csharp/Veritas 3/Tests/Veritas.Tests/bin/Debug/Veritas.Tests.DLL" adapterTypeName="Microsoft.VisualStudio.TestTools.TestTypes.Unit.UnitTestAdapter, Microsoft.VisualStudio.QualityTools.Tips.UnitTest.Adapter, Version=10.0.0.0, Culture=neutral, PublicKeyToken=b03f5f7f11d50a3a" className="Veritas.Tests.VeritasRepositoryTest, Veritas.Tests, Version=1.0.0.0, Culture=neutral, PublicKeyToken=null" name="GetTotalEntriesByBlogConfigIdAndCategoryTest" />
    </UnitTest>
    <UnitTest name="GetEntriesForCategoryFromStartPointTest" storage="c:\csharp\veritas 3\tests\veritas.tests\bin\debug\veritas.tests.dll" id="9778e568-10cb-7dc9-3109-8e9ae94a0b38">
      <Execution id="dad31ad1-4965-44b2-81c0-33e8228ae641" />
      <TestMethod codeBase="C:/csharp/Veritas 3/Tests/Veritas.Tests/bin/Debug/Veritas.Tests.DLL" adapterTypeName="Microsoft.VisualStudio.TestTools.TestTypes.Unit.UnitTestAdapter, Microsoft.VisualStudio.QualityTools.Tips.UnitTest.Adapter, Version=10.0.0.0, Culture=neutral, PublicKeyToken=b03f5f7f11d50a3a" className="Veritas.Tests.VeritasRepositoryTest, Veritas.Tests, Version=1.0.0.0, Culture=neutral, PublicKeyToken=null" name="GetEntriesForCategoryFromStartPointTest" />
    </UnitTest>
    <UnitTest name="LoadConfigFromXmlTest" storage="c:\csharp\veritas 3\tests\veritas.tests\bin\debug\veritas.tests.dll" id="4d878c16-385d-d610-2cbf-7652a010b362">
      <Execution id="dbd553aa-c2ec-4a6a-92bb-ea1ab66f6dda" />
      <TestMethod codeBase="C:/csharp/Veritas 3/Tests/Veritas.Tests/bin/Debug/Veritas.Tests.DLL" adapterTypeName="Microsoft.VisualStudio.TestTools.TestTypes.Unit.UnitTestAdapter, Microsoft.VisualStudio.QualityTools.Tips.UnitTest.Adapter, Version=10.0.0.0, Culture=neutral, PublicKeyToken=b03f5f7f11d50a3a" className="Veritas.Tests.BlogConfigTest, Veritas.Tests, Version=1.0.0.0, Culture=neutral, PublicKeyToken=null" name="LoadConfigFromXmlTest" />
    </UnitTest>
    <UnitTest name="GetBlogRoleByRoleIdTest" storage="c:\csharp\veritas 3\tests\veritas.tests\bin\debug\veritas.tests.dll" id="4ee74a38-b2ca-4d6c-c0b4-9bfac1daa8c2">
      <Execution id="43c3cd30-c5a8-4889-a209-5d141e75dac8" />
      <TestMethod codeBase="C:/csharp/Veritas 3/Tests/Veritas.Tests/bin/Debug/Veritas.Tests.DLL" adapterTypeName="Microsoft.VisualStudio.TestTools.TestTypes.Unit.UnitTestAdapter, Microsoft.VisualStudio.QualityTools.Tips.UnitTest.Adapter, Version=10.0.0.0, Culture=neutral, PublicKeyToken=b03f5f7f11d50a3a" className="Veritas.Tests.VeritasRepositoryTest, Veritas.Tests, Version=1.0.0.0, Culture=neutral, PublicKeyToken=null" name="GetBlogRoleByRoleIdTest" />
    </UnitTest>
    <UnitTest name="GetBlogConfigByBlogConfigIdTest" storage="c:\csharp\veritas 3\tests\veritas.tests\bin\debug\veritas.tests.dll" id="50198a28-809b-3300-f57d-0d89ee5bc4e4">
      <Execution id="d0cde943-ed79-44be-ac1b-e03cd78bf556" />
      <TestMethod codeBase="C:/csharp/Veritas 3/Tests/Veritas.Tests/bin/Debug/Veritas.Tests.DLL" adapterTypeName="Microsoft.VisualStudio.TestTools.TestTypes.Unit.UnitTestAdapter, Microsoft.VisualStudio.QualityTools.Tips.UnitTest.Adapter, Version=10.0.0.0, Culture=neutral, PublicKeyToken=b03f5f7f11d50a3a" className="Veritas.Tests.VeritasRepositoryTest, Veritas.Tests, Version=1.0.0.0, Culture=neutral, PublicKeyToken=null" name="GetBlogConfigByBlogConfigIdTest" />
    </UnitTest>
    <UnitTest name="GetBlogConfigTest" storage="c:\csharp\veritas 3\tests\veritas.tests\bin\debug\veritas.tests.dll" id="11f1d2f1-9bd3-067f-5722-3beb4d7ed102">
      <Execution id="2ca2be32-93b5-45b1-93c0-df93105e2a1e" />
      <TestMethod codeBase="C:/csharp/Veritas 3/Tests/Veritas.Tests/bin/Debug/Veritas.Tests.DLL" adapterTypeName="Microsoft.VisualStudio.TestTools.TestTypes.Unit.UnitTestAdapter, Microsoft.VisualStudio.QualityTools.Tips.UnitTest.Adapter, Version=10.0.0.0, Culture=neutral, PublicKeyToken=b03f5f7f11d50a3a" className="Veritas.Tests.CacheHandlerTest, Veritas.Tests, Version=1.0.0.0, Culture=neutral, PublicKeyToken=null" name="GetBlogConfigTest" />
    </UnitTest>
    <UnitTest name="AddBlogFeedbackAuthorTest" storage="c:\csharp\veritas 3\tests\veritas.tests\bin\debug\veritas.tests.dll" id="d4ec15b4-22c1-3ec0-3bec-7dcaca3dc698">
      <Execution id="035707e3-ace7-4aa7-b988-956ae823571e" />
      <TestMethod codeBase="C:/csharp/Veritas 3/Tests/Veritas.Tests/bin/Debug/Veritas.Tests.DLL" adapterTypeName="Microsoft.VisualStudio.TestTools.TestTypes.Unit.UnitTestAdapter, Microsoft.VisualStudio.QualityTools.Tips.UnitTest.Adapter, Version=10.0.0.0, Culture=neutral, PublicKeyToken=b03f5f7f11d50a3a" className="Veritas.Tests.VeritasRepositoryTest, Veritas.Tests, Version=1.0.0.0, Culture=neutral, PublicKeyToken=null" name="AddBlogFeedbackAuthorTest" />
    </UnitTest>
    <UnitTest name="GetEntryByEntryIDBlogConfigIDTest" storage="c:\csharp\veritas 3\tests\veritas.tests\bin\debug\veritas.tests.dll" id="55ae4fb6-83e5-44c9-a1b2-9e3e3be1625f">
      <Execution id="6073d14c-5b08-429a-af76-9ddd6d8a925b" />
      <TestMethod codeBase="C:/csharp/Veritas 3/Tests/Veritas.Tests/bin/Debug/Veritas.Tests.DLL" adapterTypeName="Microsoft.VisualStudio.TestTools.TestTypes.Unit.UnitTestAdapter, Microsoft.VisualStudio.QualityTools.Tips.UnitTest.Adapter, Version=10.0.0.0, Culture=neutral, PublicKeyToken=b03f5f7f11d50a3a" className="Veritas.Tests.VeritasRepositoryTest, Veritas.Tests, Version=1.0.0.0, Culture=neutral, PublicKeyToken=null" name="GetEntryByEntryIDBlogConfigIDTest" />
    </UnitTest>
    <UnitTest name="AddBlogEntryViewCountTest" storage="c:\csharp\veritas 3\tests\veritas.tests\bin\debug\veritas.tests.dll" id="d47eb6dc-d325-8764-e966-be911a123673">
      <Execution id="3d6465e8-25bf-48db-bc0f-badb7d8ebe4d" />
      <TestMethod codeBase="C:/csharp/Veritas 3/Tests/Veritas.Tests/bin/Debug/Veritas.Tests.DLL" adapterTypeName="Microsoft.VisualStudio.TestTools.TestTypes.Unit.UnitTestAdapter, Microsoft.VisualStudio.QualityTools.Tips.UnitTest.Adapter, Version=10.0.0.0, Culture=neutral, PublicKeyToken=b03f5f7f11d50a3a" className="Veritas.Tests.VeritasRepositoryTest, Veritas.Tests, Version=1.0.0.0, Culture=neutral, PublicKeyToken=null" name="AddBlogEntryViewCountTest" />
    </UnitTest>
    <UnitTest name="VeritasRepositoryConstructorTest" storage="c:\csharp\veritas 3\tests\veritas.tests\bin\debug\veritas.tests.dll" id="c40e72ea-ff25-e206-6801-077c4224a59f">
      <DeploymentItems>
        <DeploymentItem filename="Veritas.DataLayer.dll" />
      </DeploymentItems>
      <Execution id="ea341598-e75f-4bdc-a596-b4e598bd1df8" />
      <TestMethod codeBase="C:/csharp/Veritas 3/Tests/Veritas.Tests/bin/Debug/Veritas.Tests.DLL" adapterTypeName="Microsoft.VisualStudio.TestTools.TestTypes.Unit.UnitTestAdapter, Microsoft.VisualStudio.QualityTools.Tips.UnitTest.Adapter, Version=10.0.0.0, Culture=neutral, PublicKeyToken=b03f5f7f11d50a3a" className="Veritas.Tests.VeritasRepositoryTest, Veritas.Tests, Version=1.0.0.0, Culture=neutral, PublicKeyToken=null" name="VeritasRepositoryConstructorTest" />
    </UnitTest>
    <UnitTest name="AddBlogConfigTest" storage="c:\csharp\veritas 3\tests\veritas.tests\bin\debug\veritas.tests.dll" id="21b7a273-8964-49b4-1439-13e55128b365">
      <Execution id="5581449c-5c88-4226-9516-ae8282dd3ae6" />
      <TestMethod codeBase="C:/csharp/Veritas 3/Tests/Veritas.Tests/bin/Debug/Veritas.Tests.DLL" adapterTypeName="Microsoft.VisualStudio.TestTools.TestTypes.Unit.UnitTestAdapter, Microsoft.VisualStudio.QualityTools.Tips.UnitTest.Adapter, Version=10.0.0.0, Culture=neutral, PublicKeyToken=b03f5f7f11d50a3a" className="Veritas.Tests.VeritasRepositoryTest, Veritas.Tests, Version=1.0.0.0, Culture=neutral, PublicKeyToken=null" name="AddBlogConfigTest" />
    </UnitTest>
    <UnitTest name="ValidateUserTest" storage="c:\csharp\veritas 3\tests\veritas.tests\bin\debug\veritas.tests.dll" id="20f7f4a8-afae-4576-30d3-e1fe95b35b4f">
      <Execution id="bcbc4ff9-7d48-4486-96fa-fbcb1d63aa4f" />
      <TestMethod codeBase="C:/csharp/Veritas 3/Tests/Veritas.Tests/bin/Debug/Veritas.Tests.DLL" adapterTypeName="Microsoft.VisualStudio.TestTools.TestTypes.Unit.UnitTestAdapter, Microsoft.VisualStudio.QualityTools.Tips.UnitTest.Adapter, Version=10.0.0.0, Culture=neutral, PublicKeyToken=b03f5f7f11d50a3a" className="Veritas.Tests.VeritasRepositoryTest, Veritas.Tests, Version=1.0.0.0, Culture=neutral, PublicKeyToken=null" name="ValidateUserTest" />
    </UnitTest>
    <UnitTest name="GetBlogFeedbacksByBlogConfigIdTest" storage="c:\csharp\veritas 3\tests\veritas.tests\bin\debug\veritas.tests.dll" id="09fc2a4a-d918-660e-dcfd-d5c6c4c3fdda">
      <Execution id="7ed34032-e5da-475a-aef9-27cda9c1a660" />
      <TestMethod codeBase="C:/csharp/Veritas 3/Tests/Veritas.Tests/bin/Debug/Veritas.Tests.DLL" adapterTypeName="Microsoft.VisualStudio.TestTools.TestTypes.Unit.UnitTestAdapter, Microsoft.VisualStudio.QualityTools.Tips.UnitTest.Adapter, Version=10.0.0.0, Culture=neutral, PublicKeyToken=b03f5f7f11d50a3a" className="Veritas.Tests.VeritasRepositoryTest, Veritas.Tests, Version=1.0.0.0, Culture=neutral, PublicKeyToken=null" name="GetBlogFeedbacksByBlogConfigIdTest" />
    </UnitTest>
  </TestDefinitions>
  <TestLists>
    <TestList name="Results Not in a List" id="8c84fa94-04c1-424b-9868-57a2d4851a1d" />
    <TestList name="All Loaded Results" id="19431567-8539-422a-85d7-44ee4e166bda" />
  </TestLists>
  <TestEntries>
    <TestEntry testId="01987b87-3a3d-db43-9609-d6303ea08a6b" executionId="33e92865-12bf-4a7a-84b4-f4c1145cd3a6" testListId="8c84fa94-04c1-424b-9868-57a2d4851a1d" />
    <TestEntry testId="026b8766-739e-be5a-bbeb-7fe4653d0b92" executionId="fcc4096f-86df-480f-89a6-17366e624c9d" testListId="8c84fa94-04c1-424b-9868-57a2d4851a1d" />
    <TestEntry testId="0364fa97-23e8-9d43-8c56-804653725181" executionId="04a305fe-c9fc-4134-a14a-236d945d34b5" testListId="8c84fa94-04c1-424b-9868-57a2d4851a1d" />
    <TestEntry testId="042b6979-c19a-ccbf-dc3a-0097b07257a8" executionId="48f6b05c-4673-4696-8f9b-1f05a20a0efc" testListId="8c84fa94-04c1-424b-9868-57a2d4851a1d" />
    <TestEntry testId="09fc2a4a-d918-660e-dcfd-d5c6c4c3fdda" executionId="7ed34032-e5da-475a-aef9-27cda9c1a660" testListId="8c84fa94-04c1-424b-9868-57a2d4851a1d" />
    <TestEntry testId="0b5551a8-44fe-0086-cd48-840ba46daa4c" executionId="b6c38952-bd51-43cd-938d-9271978cc037" testListId="8c84fa94-04c1-424b-9868-57a2d4851a1d" />
    <TestEntry testId="11bc5341-5162-cad2-945c-c25f636c9c39" executionId="e819e997-5be6-4fec-87be-976afd93b128" testListId="8c84fa94-04c1-424b-9868-57a2d4851a1d" />
    <TestEntry testId="11f1d2f1-9bd3-067f-5722-3beb4d7ed102" executionId="2ca2be32-93b5-45b1-93c0-df93105e2a1e" testListId="8c84fa94-04c1-424b-9868-57a2d4851a1d" />
    <TestEntry testId="139ab3b5-06ed-b3a1-e294-00471518491c" executionId="d5b4affb-1d54-4849-b1c8-49cfc066b0bd" testListId="8c84fa94-04c1-424b-9868-57a2d4851a1d" />
    <TestEntry testId="1869c27a-e993-ce54-ae8d-43097acfe7b5" executionId="4ec74568-c48c-4967-ab35-70e425ece756" testListId="8c84fa94-04c1-424b-9868-57a2d4851a1d" />
    <TestEntry testId="1c19cc4a-22e0-ca4d-ad5c-b13ae32c220d" executionId="1e6c5008-9662-42a0-b346-4cdc41802134" testListId="8c84fa94-04c1-424b-9868-57a2d4851a1d" />
    <TestEntry testId="1eb74fa0-cd49-400c-0d57-14a1a55376e2" executionId="9724a64c-458d-417b-b3ef-a5baac5fa1d4" testListId="8c84fa94-04c1-424b-9868-57a2d4851a1d" />
    <TestEntry testId="20f7f4a8-afae-4576-30d3-e1fe95b35b4f" executionId="bcbc4ff9-7d48-4486-96fa-fbcb1d63aa4f" testListId="8c84fa94-04c1-424b-9868-57a2d4851a1d" />
    <TestEntry testId="21b7a273-8964-49b4-1439-13e55128b365" executionId="5581449c-5c88-4226-9516-ae8282dd3ae6" testListId="8c84fa94-04c1-424b-9868-57a2d4851a1d" />
    <TestEntry testId="2393ba0f-b8d8-09f4-703d-82bed950d692" executionId="3e80177b-478e-48a7-8e4d-bf0a63a7e8af" testListId="8c84fa94-04c1-424b-9868-57a2d4851a1d" />
    <TestEntry testId="2e1a565c-54b6-6d27-d1fd-b82cf7050f9f" executionId="7b2f3a4a-2f61-4870-b0f1-639611f2ad92" testListId="8c84fa94-04c1-424b-9868-57a2d4851a1d" />
    <TestEntry testId="2e41ee7b-fef3-3171-340b-af54e8e4e820" executionId="8150ae80-bf94-4a49-b822-d45a9c4a3a7e" testListId="8c84fa94-04c1-424b-9868-57a2d4851a1d" />
    <TestEntry testId="32df1724-5104-3e56-cb1c-e855f7d33c78" executionId="5a03d75d-e6bd-47c1-b1d8-cc4ae2897f82" testListId="8c84fa94-04c1-424b-9868-57a2d4851a1d" />
    <TestEntry testId="32ea4c9f-3078-f85d-0e69-a67efb28c540" executionId="56763bfb-31ee-4304-bbb4-554a5f80bd82" testListId="8c84fa94-04c1-424b-9868-57a2d4851a1d" />
    <TestEntry testId="337b107f-1e00-0d6b-e2d1-32688c0a2d69" executionId="f81883e8-8e5f-4945-8258-7966efcd66ba" testListId="8c84fa94-04c1-424b-9868-57a2d4851a1d" />
    <TestEntry testId="36229b7c-e11e-405f-d310-8a1627280a02" executionId="bd151ee0-b685-44bb-b0ce-7dc252d08afd" testListId="8c84fa94-04c1-424b-9868-57a2d4851a1d" />
    <TestEntry testId="37ace099-1128-37d4-2a91-a82f649644a6" executionId="5d42b284-0de0-4d80-9294-ac338eb10c0c" testListId="8c84fa94-04c1-424b-9868-57a2d4851a1d" />
    <TestEntry testId="3a823fd7-1fe1-4ff6-4b84-5f99c9fb80fe" executionId="f34a51e8-e8f4-47bd-8722-a5d320662bcf" testListId="8c84fa94-04c1-424b-9868-57a2d4851a1d" />
    <TestEntry testId="3c04621e-74cb-9962-379a-2a39c7771507" executionId="01f71164-e622-4c33-8351-473ab0f17f11" testListId="8c84fa94-04c1-424b-9868-57a2d4851a1d" />
    <TestEntry testId="3dfb5b00-6af1-8a3a-ef1c-5ceec79b8cef" executionId="f46b50d6-67cf-4c14-a692-e2f96c880563" testListId="8c84fa94-04c1-424b-9868-57a2d4851a1d" />
    <TestEntry testId="40112a03-71da-3b8f-6c9c-cbc7fe86d163" executionId="e0d18f22-ebf7-4b7f-b027-7a43b290d8e8" testListId="8c84fa94-04c1-424b-9868-57a2d4851a1d" />
    <TestEntry testId="447be92f-5d52-346d-beb6-d91f0b0d0de7" executionId="eea8e347-28c1-41e8-bf04-fd90bd17b02e" testListId="8c84fa94-04c1-424b-9868-57a2d4851a1d" />
    <TestEntry testId="464b4773-3c3d-7907-26d3-b60de49d5985" executionId="5f422c62-fe33-4c96-aaa3-bf1127d734e7" testListId="8c84fa94-04c1-424b-9868-57a2d4851a1d" />
    <TestEntry testId="4d878c16-385d-d610-2cbf-7652a010b362" executionId="dbd553aa-c2ec-4a6a-92bb-ea1ab66f6dda" testListId="8c84fa94-04c1-424b-9868-57a2d4851a1d" />
    <TestEntry testId="4ee74a38-b2ca-4d6c-c0b4-9bfac1daa8c2" executionId="43c3cd30-c5a8-4889-a209-5d141e75dac8" testListId="8c84fa94-04c1-424b-9868-57a2d4851a1d" />
    <TestEntry testId="50198a28-809b-3300-f57d-0d89ee5bc4e4" executionId="d0cde943-ed79-44be-ac1b-e03cd78bf556" testListId="8c84fa94-04c1-424b-9868-57a2d4851a1d" />
    <TestEntry testId="50d2e327-01c8-4afe-af7a-33efde48d29a" executionId="be969717-5e4d-44d8-8071-83f0435f7304" testListId="8c84fa94-04c1-424b-9868-57a2d4851a1d" />
    <TestEntry testId="53becad3-33a7-00ee-0240-9413a3aa2dc9" executionId="48757fc8-f1b1-4bfb-8fff-571e10a4b95a" testListId="8c84fa94-04c1-424b-9868-57a2d4851a1d" />
    <TestEntry testId="55ae4fb6-83e5-44c9-a1b2-9e3e3be1625f" executionId="6073d14c-5b08-429a-af76-9ddd6d8a925b" testListId="8c84fa94-04c1-424b-9868-57a2d4851a1d" />
    <TestEntry testId="61b09f33-a84d-6c47-2176-a62ceb3b834b" executionId="6120ca65-af1e-4244-ab5e-67730b1a54ba" testListId="8c84fa94-04c1-424b-9868-57a2d4851a1d" />
    <TestEntry testId="63d2c77d-2f2a-4f48-15e6-e83e7f4bcded" executionId="cb86a0ab-93ea-4fcd-bf9b-ce9a3e09b60b" testListId="8c84fa94-04c1-424b-9868-57a2d4851a1d" />
    <TestEntry testId="64973faf-5d75-8380-9505-9cef889bfac8" executionId="d007e62c-60ec-4bb1-bab7-b1576bdc5a83" testListId="8c84fa94-04c1-424b-9868-57a2d4851a1d" />
    <TestEntry testId="71e36249-d1d9-c9c8-c5a2-21a17f6ce0ba" executionId="71aba6d8-bd49-4ac5-96c1-81c9be783661" testListId="8c84fa94-04c1-424b-9868-57a2d4851a1d" />
    <TestEntry testId="7696afef-1fde-4dc8-80d8-b0c40bea3145" executionId="1aeebaa6-9bea-4180-9c95-3d37c257e370" testListId="8c84fa94-04c1-424b-9868-57a2d4851a1d" />
    <TestEntry testId="7f840e9f-2bcf-f981-20f2-b813f293bead" executionId="a66917c6-09aa-476d-807a-197113c7e0cd" testListId="8c84fa94-04c1-424b-9868-57a2d4851a1d" />
    <TestEntry testId="86ae8cf4-3833-2fad-c57d-65e1cca1a97e" executionId="18c2773e-9ce7-4d9a-b71b-1d04dd3b851c" testListId="8c84fa94-04c1-424b-9868-57a2d4851a1d" />
    <TestEntry testId="8b7a3a0d-042c-87af-c45b-c0ad4d74a982" executionId="bda83cc9-6485-4e38-8e98-c751defb8976" testListId="8c84fa94-04c1-424b-9868-57a2d4851a1d" />
    <TestEntry testId="93859457-059e-f967-9d10-0d393b92ecbd" executionId="315429f7-b560-45ca-8322-219aa9f516c5" testListId="8c84fa94-04c1-424b-9868-57a2d4851a1d" />
    <TestEntry testId="94256328-6ce6-7f64-bf52-52d662d69141" executionId="1f924128-4f8b-494e-a842-8a8fd40c1e79" testListId="8c84fa94-04c1-424b-9868-57a2d4851a1d" />
    <TestEntry testId="9778e568-10cb-7dc9-3109-8e9ae94a0b38" executionId="dad31ad1-4965-44b2-81c0-33e8228ae641" testListId="8c84fa94-04c1-424b-9868-57a2d4851a1d" />
    <TestEntry testId="97be4ddb-9491-09af-23fc-591644993d18" executionId="0f13f46b-64be-4729-af95-7666972fed10" testListId="8c84fa94-04c1-424b-9868-57a2d4851a1d" />
    <TestEntry testId="9dd330af-5fac-7a94-8223-43d6eccab16e" executionId="a02443bf-f354-40a1-9e36-287c669b0df9" testListId="8c84fa94-04c1-424b-9868-57a2d4851a1d" />
    <TestEntry testId="9dfd7cc0-85f3-ef1f-df8a-dfd2dfaed384" executionId="ca470a35-f9f9-4179-82a2-63f83d1942f3" testListId="8c84fa94-04c1-424b-9868-57a2d4851a1d" />
    <TestEntry testId="a26c9cbb-705c-d281-2c59-aa583852ac80" executionId="3f4c51c6-5f3f-4b61-a896-65172909334a" testListId="8c84fa94-04c1-424b-9868-57a2d4851a1d" />
    <TestEntry testId="a6e26627-243e-155a-eb01-98e2d1195dae" executionId="84312820-d7c5-4406-aeb2-f4627a526306" testListId="8c84fa94-04c1-424b-9868-57a2d4851a1d" />
    <TestEntry testId="a8e19d6e-94f1-71b9-e146-21d07ada136b" executionId="c948ae6a-6a43-4c84-97e1-826cc5b5f045" testListId="8c84fa94-04c1-424b-9868-57a2d4851a1d" />
    <TestEntry testId="a925c3a4-eed3-17c5-a249-f29a0ff63ed6" executionId="30f1ac3d-53fe-4534-8896-955bb9d7ca1c" testListId="8c84fa94-04c1-424b-9868-57a2d4851a1d" />
    <TestEntry testId="b0df2616-61bf-71de-a7bd-47ff2b15d236" executionId="8150e7ba-bafe-4026-a865-f8831181e1e8" testListId="8c84fa94-04c1-424b-9868-57a2d4851a1d" />
    <TestEntry testId="b3108ca4-ea15-e67e-c0db-a65c954d8ee4" executionId="e4378507-92a1-4867-8c56-89dcebfd967f" testListId="8c84fa94-04c1-424b-9868-57a2d4851a1d" />
    <TestEntry testId="b4e556fb-0ea0-19cc-b9f9-56dab34cad84" executionId="69ca1c43-8437-40ca-8311-a07f41b1b9c0" testListId="8c84fa94-04c1-424b-9868-57a2d4851a1d" />
    <TestEntry testId="ba02f043-5194-b9ef-24b3-5b63efb7cd79" executionId="2f52bf5c-b5e5-4a28-a8c0-27f232491814" testListId="8c84fa94-04c1-424b-9868-57a2d4851a1d" />
    <TestEntry testId="c20da52c-e354-0953-79b7-81d22629dba1" executionId="61377a28-ef37-41cb-af8f-412b6deda0a9" testListId="8c84fa94-04c1-424b-9868-57a2d4851a1d" />
    <TestEntry testId="c3fd992c-7d73-9162-4bb1-c19b72ab56b4" executionId="2dcd5189-fe6d-48f2-93bd-f84ac265b809" testListId="8c84fa94-04c1-424b-9868-57a2d4851a1d" />
    <TestEntry testId="c40e72ea-ff25-e206-6801-077c4224a59f" executionId="ea341598-e75f-4bdc-a596-b4e598bd1df8" testListId="8c84fa94-04c1-424b-9868-57a2d4851a1d" />
    <TestEntry testId="c7fe2751-1051-530e-a619-c3e0302bb88e" executionId="4503d1b1-4d97-4695-85c8-2ad18bcd4df0" testListId="8c84fa94-04c1-424b-9868-57a2d4851a1d" />
    <TestEntry testId="c82f563e-2472-65c4-c0ec-829ca77722c8" executionId="19b0d87b-adc4-442e-87cc-5dcd645f37e3" testListId="8c84fa94-04c1-424b-9868-57a2d4851a1d" />
    <TestEntry testId="c8d5d54a-5747-e0ad-d7b0-76377ca3dca6" executionId="a2b89748-a3b0-4fa4-ab97-9ebfdd4276bf" testListId="8c84fa94-04c1-424b-9868-57a2d4851a1d" />
    <TestEntry testId="d23de06b-65d4-8455-c8d5-757ad66cadc4" executionId="4e87e801-30e0-48e5-8fe4-43cc2c8c51b7" testListId="8c84fa94-04c1-424b-9868-57a2d4851a1d" />
    <TestEntry testId="d36ead82-8c1b-369b-cd71-07dfae01f04a" executionId="6fdb604b-7d4c-4225-bf58-17a2bd7252f5" testListId="8c84fa94-04c1-424b-9868-57a2d4851a1d" />
    <TestEntry testId="d47eb6dc-d325-8764-e966-be911a123673" executionId="3d6465e8-25bf-48db-bc0f-badb7d8ebe4d" testListId="8c84fa94-04c1-424b-9868-57a2d4851a1d" />
    <TestEntry testId="d4ec15b4-22c1-3ec0-3bec-7dcaca3dc698" executionId="035707e3-ace7-4aa7-b988-956ae823571e" testListId="8c84fa94-04c1-424b-9868-57a2d4851a1d" />
    <TestEntry testId="da025daa-9a08-5d83-0a31-8339d11dde9a" executionId="230159b1-e2c7-46ba-8c82-2896faed988b" testListId="8c84fa94-04c1-424b-9868-57a2d4851a1d" />
    <TestEntry testId="dfccb8e7-e1b4-274c-8f59-e2f6a417af14" executionId="084b72ce-cc34-49ee-8435-599372fcd1c6" testListId="8c84fa94-04c1-424b-9868-57a2d4851a1d" />
    <TestEntry testId="e4773567-3b44-5087-89c9-4a1812d30763" executionId="3bd8ae49-55e1-4530-a11d-beecb6bcf972" testListId="8c84fa94-04c1-424b-9868-57a2d4851a1d" />
    <TestEntry testId="e6165e7d-f344-cfae-dc8d-31f21eb72b18" executionId="cc592b93-6c53-4572-bc36-5178a9ec1738" testListId="8c84fa94-04c1-424b-9868-57a2d4851a1d" />
    <TestEntry testId="e7a4da5d-e505-77aa-de9b-b9803fda3f68" executionId="293ee944-8e6f-4cca-9365-9729b9479b7e" testListId="8c84fa94-04c1-424b-9868-57a2d4851a1d" />
    <TestEntry testId="ea3d664f-a9b3-4272-66e4-7640a3a556af" executionId="9b93822a-1df3-4fd6-9bf8-8429ce492cf4" testListId="8c84fa94-04c1-424b-9868-57a2d4851a1d" />
    <TestEntry testId="fb1c259e-a5d3-4d6f-eb1f-88e915527312" executionId="eced7932-b44f-4d57-bea5-b5a0ea36d2c0" testListId="8c84fa94-04c1-424b-9868-57a2d4851a1d" />
  </TestEntries>
  <Results>
    <UnitTestResult executionId="33e92865-12bf-4a7a-84b4-f4c1145cd3a6" testId="01987b87-3a3d-db43-9609-d6303ea08a6b" testName="AddBlogEntryCategoryTest" computerName="OMEGA" duration="00:00:02.1799773" startTime="2011-04-10T20:54:54.1469245-04:00" endTime="2011-04-10T20:54:57.2431016-04:00" testType="13cdc9d9-ddb5-4fa4-a97d-d965ccfc6d4b" outcome="Failed" testListId="8c84fa94-04c1-424b-9868-57a2d4851a1d" relativeResultsDirectory="33e92865-12bf-4a7a-84b4-f4c1145cd3a6">
      <Output>
        <ErrorInfo>
          <Message>Initialization method Veritas.Tests.VeritasRepositoryTest.MyTestInitialize threw exception. System.Data.UpdateException: System.Data.UpdateException: An error occurred while updating the entries. See the inner exception for details. ---&gt; System.Data.SqlClient.SqlException: The conversion of a datetime2 data type to a datetime data type resulted in an out-of-range value.
The statement has been terminated..</Message>
          <StackTrace>    at System.Data.SqlClient.SqlConnection.OnError(SqlException exception, Boolean breakConnection)
   at System.Data.SqlClient.SqlInternalConnection.OnError(SqlException exception, Boolean breakConnection)
   at System.Data.SqlClient.TdsParser.ThrowExceptionAndWarning()
   at System.Data.SqlClient.TdsParser.Run(RunBehavior runBehavior, SqlCommand cmdHandler, SqlDataReader dataStream, BulkCopySimpleResultSet bulkCopyHandler, TdsParserStateObject stateObj)
   at System.Data.SqlClient.SqlDataReader.ConsumeMetaData()
   at System.Data.SqlClient.SqlDataReader.get_MetaData()
   at System.Data.SqlClient.SqlCommand.FinishExecuteReader(SqlDataReader ds, RunBehavior runBehavior, String resetOptionsString)
   at System.Data.SqlClient.SqlCommand.RunExecuteReaderTds(CommandBehavior cmdBehavior, RunBehavior runBehavior, Boolean returnStream, Boolean async)
   at System.Data.SqlClient.SqlCommand.RunExecuteReader(CommandBehavior cmdBehavior, RunBehavior runBehavior, Boolean returnStream, String method, DbAsyncResult result)
   at System.Data.SqlClient.SqlCommand.RunExecuteReader(CommandBehavior cmdBehavior, RunBehavior runBehavior, Boolean returnStream, String method)
   at System.Data.SqlClient.SqlCommand.ExecuteReader(CommandBehavior behavior, String method)
   at System.Data.SqlClient.SqlCommand.ExecuteDbDataReader(CommandBehavior behavior)
   at System.Data.Common.DbCommand.ExecuteReader(CommandBehavior behavior)
   at System.Data.Mapping.Update.Internal.DynamicUpdateCommand.Execute(UpdateTranslator translator, EntityConnection connection, Dictionary`2 identifierValues, List`1 generatedValues)
   at System.Data.Mapping.Update.Internal.UpdateTranslator.Update(IEntityStateManager stateManager, IEntityAdapter adapter)
 --- End of inner exception stack trace ---
    at System.Data.Mapping.Update.Internal.UpdateTranslator.Update(IEntityStateManager stateManager, IEntityAdapter adapter)
   at System.Data.EntityClient.EntityAdapter.Update(IEntityStateManager entityCache)
   at System.Data.Objects.ObjectContext.SaveChanges(SaveOptions options)
   at Veritas.DataLayer.VeritasRepository.Save() in C:\csharp\Veritas 3\DataLayer\Veritas.DataLayer\VeritasRepository.cs:line 78
   at Veritas.Tests.TestBase.MyTestInitialize() in C:\csharp\Veritas 3\Tests\Veritas.Tests\TestBase.cs:line 88
</StackTrace>
        </ErrorInfo>
      </Output>
    </UnitTestResult>
    <UnitTestResult executionId="fcc4096f-86df-480f-89a6-17366e624c9d" testId="026b8766-739e-be5a-bbeb-7fe4653d0b92" testName="GetFeedbackForRSSTest" computerName="OMEGA" duration="00:00:00.0348791" startTime="2011-04-10T20:54:57.2481019-04:00" endTime="2011-04-10T20:54:57.2971047-04:00" testType="13cdc9d9-ddb5-4fa4-a97d-d965ccfc6d4b" outcome="Failed" testListId="8c84fa94-04c1-424b-9868-57a2d4851a1d" relativeResultsDirectory="fcc4096f-86df-480f-89a6-17366e624c9d">
      <Output>
        <ErrorInfo>
          <Message>Initialization method Veritas.Tests.VeritasRepositoryTest.MyTestInitialize threw exception. System.Data.UpdateException: System.Data.UpdateException: An error occurred while updating the entries. See the inner exception for details. ---&gt; System.Data.SqlClient.SqlException: The conversion of a datetime2 data type to a datetime data type resulted in an out-of-range value.
The statement has been terminated..</Message>
          <StackTrace>    at System.Data.SqlClient.SqlConnection.OnError(SqlException exception, Boolean breakConnection)
   at System.Data.SqlClient.SqlInternalConnection.OnError(SqlException exception, Boolean breakConnection)
   at System.Data.SqlClient.TdsParser.ThrowExceptionAndWarning()
   at System.Data.SqlClient.TdsParser.Run(RunBehavior runBehavior, SqlCommand cmdHandler, SqlDataReader dataStream, BulkCopySimpleResultSet bulkCopyHandler, TdsParserStateObject stateObj)
   at System.Data.SqlClient.SqlDataReader.ConsumeMetaData()
   at System.Data.SqlClient.SqlDataReader.get_MetaData()
   at System.Data.SqlClient.SqlCommand.FinishExecuteReader(SqlDataReader ds, RunBehavior runBehavior, String resetOptionsString)
   at System.Data.SqlClient.SqlCommand.RunExecuteReaderTds(CommandBehavior cmdBehavior, RunBehavior runBehavior, Boolean returnStream, Boolean async)
   at System.Data.SqlClient.SqlCommand.RunExecuteReader(CommandBehavior cmdBehavior, RunBehavior runBehavior, Boolean returnStream, String method, DbAsyncResult result)
   at System.Data.SqlClient.SqlCommand.RunExecuteReader(CommandBehavior cmdBehavior, RunBehavior runBehavior, Boolean returnStream, String method)
   at System.Data.SqlClient.SqlCommand.ExecuteReader(CommandBehavior behavior, String method)
   at System.Data.SqlClient.SqlCommand.ExecuteDbDataReader(CommandBehavior behavior)
   at System.Data.Common.DbCommand.ExecuteReader(CommandBehavior behavior)
   at System.Data.Mapping.Update.Internal.DynamicUpdateCommand.Execute(UpdateTranslator translator, EntityConnection connection, Dictionary`2 identifierValues, List`1 generatedValues)
   at System.Data.Mapping.Update.Internal.UpdateTranslator.Update(IEntityStateManager stateManager, IEntityAdapter adapter)
 --- End of inner exception stack trace ---
    at System.Data.Mapping.Update.Internal.UpdateTranslator.Update(IEntityStateManager stateManager, IEntityAdapter adapter)
   at System.Data.EntityClient.EntityAdapter.Update(IEntityStateManager entityCache)
   at System.Data.Objects.ObjectContext.SaveChanges(SaveOptions options)
   at Veritas.DataLayer.VeritasRepository.Save() in C:\csharp\Veritas 3\DataLayer\Veritas.DataLayer\VeritasRepository.cs:line 78
   at Veritas.Tests.TestBase.MyTestInitialize() in C:\csharp\Veritas 3\Tests\Veritas.Tests\TestBase.cs:line 88
</StackTrace>
        </ErrorInfo>
      </Output>
    </UnitTestResult>
    <UnitTestResult executionId="04a305fe-c9fc-4134-a14a-236d945d34b5" testId="0364fa97-23e8-9d43-8c56-804653725181" testName="GetTotalEntriesByBlogConfigIdAndCategoryTest" computerName="OMEGA" duration="00:00:00.0763647" startTime="2011-04-10T20:54:57.3031050-04:00" endTime="2011-04-10T20:54:57.3851097-04:00" testType="13cdc9d9-ddb5-4fa4-a97d-d965ccfc6d4b" outcome="Failed" testListId="8c84fa94-04c1-424b-9868-57a2d4851a1d" relativeResultsDirectory="04a305fe-c9fc-4134-a14a-236d945d34b5">
      <Output>
        <ErrorInfo>
          <Message>Initialization method Veritas.Tests.VeritasRepositoryTest.MyTestInitialize threw exception. System.Data.UpdateException: System.Data.UpdateException: An error occurred while updating the entries. See the inner exception for details. ---&gt; System.Data.SqlClient.SqlException: The conversion of a datetime2 data type to a datetime data type resulted in an out-of-range value.
The statement has been terminated..</Message>
          <StackTrace>    at System.Data.SqlClient.SqlConnection.OnError(SqlException exception, Boolean breakConnection)
   at System.Data.SqlClient.SqlInternalConnection.OnError(SqlException exception, Boolean breakConnection)
   at System.Data.SqlClient.TdsParser.ThrowExceptionAndWarning()
   at System.Data.SqlClient.TdsParser.Run(RunBehavior runBehavior, SqlCommand cmdHandler, SqlDataReader dataStream, BulkCopySimpleResultSet bulkCopyHandler, TdsParserStateObject stateObj)
   at System.Data.SqlClient.SqlDataReader.ConsumeMetaData()
   at System.Data.SqlClient.SqlDataReader.get_MetaData()
   at System.Data.SqlClient.SqlCommand.FinishExecuteReader(SqlDataReader ds, RunBehavior runBehavior, String resetOptionsString)
   at System.Data.SqlClient.SqlCommand.RunExecuteReaderTds(CommandBehavior cmdBehavior, RunBehavior runBehavior, Boolean returnStream, Boolean async)
   at System.Data.SqlClient.SqlCommand.RunExecuteReader(CommandBehavior cmdBehavior, RunBehavior runBehavior, Boolean returnStream, String method, DbAsyncResult result)
   at System.Data.SqlClient.SqlCommand.RunExecuteReader(CommandBehavior cmdBehavior, RunBehavior runBehavior, Boolean returnStream, String method)
   at System.Data.SqlClient.SqlCommand.ExecuteReader(CommandBehavior behavior, String method)
   at System.Data.SqlClient.SqlCommand.ExecuteDbDataReader(CommandBehavior behavior)
   at System.Data.Common.DbCommand.ExecuteReader(CommandBehavior behavior)
   at System.Data.Mapping.Update.Internal.DynamicUpdateCommand.Execute(UpdateTranslator translator, EntityConnection connection, Dictionary`2 identifierValues, List`1 generatedValues)
   at System.Data.Mapping.Update.Internal.UpdateTranslator.Update(IEntityStateManager stateManager, IEntityAdapter adapter)
 --- End of inner exception stack trace ---
    at System.Data.Mapping.Update.Internal.UpdateTranslator.Update(IEntityStateManager stateManager, IEntityAdapter adapter)
   at System.Data.EntityClient.EntityAdapter.Update(IEntityStateManager entityCache)
   at System.Data.Objects.ObjectContext.SaveChanges(SaveOptions options)
   at Veritas.DataLayer.VeritasRepository.Save() in C:\csharp\Veritas 3\DataLayer\Veritas.DataLayer\VeritasRepository.cs:line 78
   at Veritas.Tests.TestBase.MyTestInitialize() in C:\csharp\Veritas 3\Tests\Veritas.Tests\TestBase.cs:line 88
</StackTrace>
        </ErrorInfo>
      </Output>
    </UnitTestResult>
    <UnitTestResult executionId="48f6b05c-4673-4696-8f9b-1f05a20a0efc" testId="042b6979-c19a-ccbf-dc3a-0097b07257a8" testName="SaveEntryCategoryAssociationTest" computerName="OMEGA" duration="00:00:00.0152142" startTime="2011-04-10T20:54:57.3921101-04:00" endTime="2011-04-10T20:54:57.4121112-04:00" testType="13cdc9d9-ddb5-4fa4-a97d-d965ccfc6d4b" outcome="Failed" testListId="8c84fa94-04c1-424b-9868-57a2d4851a1d" relativeResultsDirectory="48f6b05c-4673-4696-8f9b-1f05a20a0efc">
      <Output>
        <ErrorInfo>
          <Message>Initialization method Veritas.Tests.VeritasRepositoryTest.MyTestInitialize threw exception. System.Data.UpdateException: System.Data.UpdateException: An error occurred while updating the entries. See the inner exception for details. ---&gt; System.Data.SqlClient.SqlException: The conversion of a datetime2 data type to a datetime data type resulted in an out-of-range value.
The statement has been terminated..</Message>
          <StackTrace>    at System.Data.SqlClient.SqlConnection.OnError(SqlException exception, Boolean breakConnection)
   at System.Data.SqlClient.SqlInternalConnection.OnError(SqlException exception, Boolean breakConnection)
   at System.Data.SqlClient.TdsParser.ThrowExceptionAndWarning()
   at System.Data.SqlClient.TdsParser.Run(RunBehavior runBehavior, SqlCommand cmdHandler, SqlDataReader dataStream, BulkCopySimpleResultSet bulkCopyHandler, TdsParserStateObject stateObj)
   at System.Data.SqlClient.SqlDataReader.ConsumeMetaData()
   at System.Data.SqlClient.SqlDataReader.get_MetaData()
   at System.Data.SqlClient.SqlCommand.FinishExecuteReader(SqlDataReader ds, RunBehavior runBehavior, String resetOptionsString)
   at System.Data.SqlClient.SqlCommand.RunExecuteReaderTds(CommandBehavior cmdBehavior, RunBehavior runBehavior, Boolean returnStream, Boolean async)
   at System.Data.SqlClient.SqlCommand.RunExecuteReader(CommandBehavior cmdBehavior, RunBehavior runBehavior, Boolean returnStream, String method, DbAsyncResult result)
   at System.Data.SqlClient.SqlCommand.RunExecuteReader(CommandBehavior cmdBehavior, RunBehavior runBehavior, Boolean returnStream, String method)
   at System.Data.SqlClient.SqlCommand.ExecuteReader(CommandBehavior behavior, String method)
   at System.Data.SqlClient.SqlCommand.ExecuteDbDataReader(CommandBehavior behavior)
   at System.Data.Common.DbCommand.ExecuteReader(CommandBehavior behavior)
   at System.Data.Mapping.Update.Internal.DynamicUpdateCommand.Execute(UpdateTranslator translator, EntityConnection connection, Dictionary`2 identifierValues, List`1 generatedValues)
   at System.Data.Mapping.Update.Internal.UpdateTranslator.Update(IEntityStateManager stateManager, IEntityAdapter adapter)
 --- End of inner exception stack trace ---
    at System.Data.Mapping.Update.Internal.UpdateTranslator.Update(IEntityStateManager stateManager, IEntityAdapter adapter)
   at System.Data.EntityClient.EntityAdapter.Update(IEntityStateManager entityCache)
   at System.Data.Objects.ObjectContext.SaveChanges(SaveOptions options)
   at Veritas.DataLayer.VeritasRepository.Save() in C:\csharp\Veritas 3\DataLayer\Veritas.DataLayer\VeritasRepository.cs:line 78
   at Veritas.Tests.TestBase.MyTestInitialize() in C:\csharp\Veritas 3\Tests\Veritas.Tests\TestBase.cs:line 88
</StackTrace>
        </ErrorInfo>
      </Output>
    </UnitTestResult>
    <UnitTestResult executionId="7ed34032-e5da-475a-aef9-27cda9c1a660" testId="09fc2a4a-d918-660e-dcfd-d5c6c4c3fdda" testName="GetBlogFeedbacksByBlogConfigIdTest" computerName="OMEGA" duration="00:00:00.0302822" startTime="2011-04-10T20:54:57.4191116-04:00" endTime="2011-04-10T20:54:57.4541136-04:00" testType="13cdc9d9-ddb5-4fa4-a97d-d965ccfc6d4b" outcome="Failed" testListId="8c84fa94-04c1-424b-9868-57a2d4851a1d" relativeResultsDirectory="7ed34032-e5da-475a-aef9-27cda9c1a660">
      <Output>
        <ErrorInfo>
          <Message>Initialization method Veritas.Tests.VeritasRepositoryTest.MyTestInitialize threw exception. System.Data.UpdateException: System.Data.UpdateException: An error occurred while updating the entries. See the inner exception for details. ---&gt; System.Data.SqlClient.SqlException: The conversion of a datetime2 data type to a datetime data type resulted in an out-of-range value.
The statement has been terminated..</Message>
          <StackTrace>    at System.Data.SqlClient.SqlConnection.OnError(SqlException exception, Boolean breakConnection)
   at System.Data.SqlClient.SqlInternalConnection.OnError(SqlException exception, Boolean breakConnection)
   at System.Data.SqlClient.TdsParser.ThrowExceptionAndWarning()
   at System.Data.SqlClient.TdsParser.Run(RunBehavior runBehavior, SqlCommand cmdHandler, SqlDataReader dataStream, BulkCopySimpleResultSet bulkCopyHandler, TdsParserStateObject stateObj)
   at System.Data.SqlClient.SqlDataReader.ConsumeMetaData()
[...]
      <Output>
        <ErrorInfo>
          <Message>Initialization method Veritas.Tests.BlogConfigTest.MyTestInitialize threw exception. System.Data.UpdateException: System.Data.UpdateException: An error occurred while updating the entries. See the inner exception for details. ---&gt; System.Data.SqlClient.SqlException: The conversion of a datetime2 data type to a datetime data type resulted in an out-of-range value.
The statement has been terminated..</Message>
          <StackTrace>    at System.Data.SqlClient.SqlConnection.OnError(SqlException exception, Boolean breakConnection)
   at System.Data.SqlClient.SqlInternalConnection.OnError(SqlException exception, Boolean breakConnection)
   at System.Data.SqlClient.TdsParser.ThrowExceptionAndWarning()
   at System.Data.SqlClient.TdsParser.Run(RunBehavior runBehavior, SqlCommand cmdHandler, SqlDataReader dataStream, BulkCopySimpleResultSet bulkCopyHandler, TdsParserStateObject stateObj)
   at System.Data.SqlClient.SqlDataReader.ConsumeMetaData()
   at System.Data.SqlClient.SqlDataReader.get_MetaData()
   at System.Data.SqlClient.SqlCommand.FinishExecuteReader(SqlDataReader ds, RunBehavior runBehavior, String resetOptionsString)
   at System.Data.SqlClient.SqlCommand.RunExecuteReaderTds(CommandBehavior cmdBehavior, RunBehavior runBehavior, Boolean returnStream, Boolean async)
   at System.Data.SqlClient.SqlCommand.RunExecuteReader(CommandBehavior cmdBehavior, RunBehavior runBehavior, Boolean returnStream, String method, DbAsyncResult result)
   at System.Data.SqlClient.SqlCommand.RunExecuteReader(CommandBehavior cmdBehavior, RunBehavior runBehavior, Boolean returnStream, String method)
   at System.Data.SqlClient.SqlCommand.ExecuteReader(CommandBehavior behavior, String method)
   at System.Data.SqlClient.SqlCommand.ExecuteDbDataReader(CommandBehavior behavior)
   at System.Data.Common.DbCommand.ExecuteReader(CommandBehavior behavior)
   at System.Data.Mapping.Update.Internal.DynamicUpdateCommand.Execute(UpdateTranslator translator, EntityConnection connection, Dictionary`2 identifierValues, List`1 generatedValues)
   at System.Data.Mapping.Update.Internal.UpdateTranslator.Update(IEntityStateManager stateManager, IEntityAdapter adapter)
 --- End of inner exception stack trace ---
    at System.Data.Mapping.Update.Internal.UpdateTranslator.Update(IEntityStateManager stateManager, IEntityAdapter adapter)
   at System.Data.EntityClient.EntityAdapter.Update(IEntityStateManager entityCache)
   at System.Data.Objects.ObjectContext.SaveChanges(SaveOptions options)
   at Veritas.DataLayer.VeritasRepository.Save() in C:\csharp\Veritas 3\DataLayer\Veritas.DataLayer\VeritasRepository.cs:line 78
   at Veritas.Tests.TestBase.MyTestInitialize() in C:\csharp\Veritas 3\Tests\Veritas.Tests\TestBase.cs:line 88
</StackTrace>
        </ErrorInfo>
      </Output>
    </UnitTestResult>
    <UnitTestResult executionId="3bd8ae49-55e1-4530-a11d-beecb6bcf972" testId="e4773567-3b44-5087-89c9-4a1812d30763" testName="LogToFileExceptionTest" computerName="OMEGA" duration="00:00:00.0148906" startTime="2011-04-10T20:55:00.7323011-04:00" endTime="2011-04-10T20:55:00.7513022-04:00" testType="13cdc9d9-ddb5-4fa4-a97d-d965ccfc6d4b" outcome="Failed" testListId="8c84fa94-04c1-424b-9868-57a2d4851a1d" relativeResultsDirectory="3bd8ae49-55e1-4530-a11d-beecb6bcf972">
      <Output>
        <ErrorInfo>
          <Message>Initialization method Veritas.Tests.LoggingHandlerTest.MyTestInitialize threw exception. System.Data.UpdateException: System.Data.UpdateException: An error occurred while updating the entries. See the inner exception for details. ---&gt; System.Data.SqlClient.SqlException: The conversion of a datetime2 data type to a datetime data type resulted in an out-of-range value.
The statement has been terminated..</Message>
          <StackTrace>    at System.Data.SqlClient.SqlConnection.OnError(SqlException exception, Boolean breakConnection)
   at System.Data.SqlClient.SqlInternalConnection.OnError(SqlException exception, Boolean breakConnection)
   at System.Data.SqlClient.TdsParser.ThrowExceptionAndWarning()
   at System.Data.SqlClient.TdsParser.Run(RunBehavior runBehavior, SqlCommand cmdHandler, SqlDataReader dataStream, BulkCopySimpleResultSet bulkCopyHandler, TdsParserStateObject stateObj)
   at System.Data.SqlClient.SqlDataReader.ConsumeMetaData()
   at System.Data.SqlClient.SqlDataReader.get_MetaData()
   at System.Data.SqlClient.SqlCommand.FinishExecuteReader(SqlDataReader ds, RunBehavior runBehavior, String resetOptionsString)
   at System.Data.SqlClient.SqlCommand.RunExecuteReaderTds(CommandBehavior cmdBehavior, RunBehavior runBehavior, Boolean returnStream, Boolean async)
   at System.Data.SqlClient.SqlCommand.RunExecuteReader(CommandBehavior cmdBehavior, RunBehavior runBehavior, Boolean returnStream, String method, DbAsyncResult result)
   at System.Data.SqlClient.SqlCommand.RunExecuteReader(CommandBehavior cmdBehavior, RunBehavior runBehavior, Boolean returnStream, String method)
   at System.Data.SqlClient.SqlCommand.ExecuteReader(CommandBehavior behavior, String method)
   at System.Data.SqlClient.SqlCommand.ExecuteDbDataReader(CommandBehavior behavior)
   at System.Data.Common.DbCommand.ExecuteReader(CommandBehavior behavior)
   at System.Data.Mapping.Update.Internal.DynamicUpdateCommand.Execute(UpdateTranslator translator, EntityConnection connection, Dictionary`2 identifierValues, List`1 generatedValues)
   at System.Data.Mapping.Update.Internal.UpdateTranslator.Update(IEntityStateManager stateManager, IEntityAdapter adapter)
 --- End of inner exception stack trace ---
    at System.Data.Mapping.Update.Internal.UpdateTranslator.Update(IEntityStateManager stateManager, IEntityAdapter adapter)
   at System.Data.EntityClient.EntityAdapter.Update(IEntityStateManager entityCache)
   at System.Data.Objects.ObjectContext.SaveChanges(SaveOptions options)
   at Veritas.DataLayer.VeritasRepository.Save() in C:\csharp\Veritas 3\DataLayer\Veritas.DataLayer\VeritasRepository.cs:line 78
   at Veritas.Tests.TestBase.MyTestInitialize() in C:\csharp\Veritas 3\Tests\Veritas.Tests\TestBase.cs:line 88
</StackTrace>
        </ErrorInfo>
      </Output>
    </UnitTestResult>
    <UnitTestResult executionId="cc592b93-6c53-4572-bc36-5178a9ec1738" testId="e6165e7d-f344-cfae-dc8d-31f21eb72b18" testName="DeleteBlogMenuItemTest" computerName="OMEGA" duration="00:00:00.0261370" startTime="2011-04-10T20:55:00.7573026-04:00" endTime="2011-04-10T20:55:00.7873043-04:00" testType="13cdc9d9-ddb5-4fa4-a97d-d965ccfc6d4b" outcome="Failed" testListId="8c84fa94-04c1-424b-9868-57a2d4851a1d" relativeResultsDirectory="cc592b93-6c53-4572-bc36-5178a9ec1738">
      <Output>
        <ErrorInfo>
          <Message>Initialization method Veritas.Tests.VeritasRepositoryTest.MyTestInitialize threw exception. System.Data.UpdateException: System.Data.UpdateException: An error occurred while updating the entries. See the inner exception for details. ---&gt; System.Data.SqlClient.SqlException: The conversion of a datetime2 data type to a datetime data type resulted in an out-of-range value.
The statement has been terminated..</Message>
          <StackTrace>    at System.Data.SqlClient.SqlConnection.OnError(SqlException exception, Boolean breakConnection)
   at System.Data.SqlClient.SqlInternalConnection.OnError(SqlException exception, Boolean breakConnection)
   at System.Data.SqlClient.TdsParser.ThrowExceptionAndWarning()
   at System.Data.SqlClient.TdsParser.Run(RunBehavior runBehavior, SqlCommand cmdHandler, SqlDataReader dataStream, BulkCopySimpleResultSet bulkCopyHandler, TdsParserStateObject stateObj)
   at System.Data.SqlClient.SqlDataReader.ConsumeMetaData()
   at System.Data.SqlClient.SqlDataReader.get_MetaData()
   at System.Data.SqlClient.SqlCommand.FinishExecuteReader(SqlDataReader ds, RunBehavior runBehavior, String resetOptionsString)
   at System.Data.SqlClient.SqlCommand.RunExecuteReaderTds(CommandBehavior cmdBehavior, RunBehavior runBehavior, Boolean returnStream, Boolean async)
   at System.Data.SqlClient.SqlCommand.RunExecuteReader(CommandBehavior cmdBehavior, RunBehavior runBehavior, Boolean returnStream, String method, DbAsyncResult result)
   at System.Data.SqlClient.SqlCommand.RunExecuteReader(CommandBehavior cmdBehavior, RunBehavior runBehavior, Boolean returnStream, String method)
   at System.Data.SqlClient.SqlCommand.ExecuteReader(CommandBehavior behavior, String method)
   at System.Data.SqlClient.SqlCommand.ExecuteDbDataReader(CommandBehavior behavior)
   at System.Data.Common.DbCommand.ExecuteReader(CommandBehavior behavior)
   at System.Data.Mapping.Update.Internal.DynamicUpdateCommand.Execute(UpdateTranslator translator, EntityConnection connection, Dictionary`2 identifierValues, List`1 generatedValues)
   at System.Data.Mapping.Update.Internal.UpdateTranslator.Update(IEntityStateManager stateManager, IEntityAdapter adapter)
 --- End of inner exception stack trace ---
    at System.Data.Mapping.Update.Internal.UpdateTranslator.Update(IEntityStateManager stateManager, IEntityAdapter adapter)
   at System.Data.EntityClient.EntityAdapter.Update(IEntityStateManager entityCache)
   at System.Data.Objects.ObjectContext.SaveChanges(SaveOptions options)
   at Veritas.DataLayer.VeritasRepository.Save() in C:\csharp\Veritas 3\DataLayer\Veritas.DataLayer\VeritasRepository.cs:line 78
   at Veritas.Tests.TestBase.MyTestInitialize() in C:\csharp\Veritas 3\Tests\Veritas.Tests\TestBase.cs:line 88
</StackTrace>
        </ErrorInfo>
      </Output>
    </UnitTestResult>
    <UnitTestResult executionId="293ee944-8e6f-4cca-9365-9729b9479b7e" testId="e7a4da5d-e505-77aa-de9b-b9803fda3f68" testName="DeleteBlogEntryViewCountTest" computerName="OMEGA" duration="00:00:00.0194210" startTime="2011-04-10T20:55:00.7943047-04:00" endTime="2011-04-10T20:55:00.8173060-04:00" testType="13cdc9d9-ddb5-4fa4-a97d-d965ccfc6d4b" outcome="Failed" testListId="8c84fa94-04c1-424b-9868-57a2d4851a1d" relativeResultsDirectory="293ee944-8e6f-4cca-9365-9729b9479b7e">
      <Output>
        <ErrorInfo>
          <Message>Initialization method Veritas.Tests.VeritasRepositoryTest.MyTestInitialize threw exception. System.Data.UpdateException: System.Data.UpdateException: An error occurred while updating the entries. See the inner exception for details. ---&gt; System.Data.SqlClient.SqlException: The conversion of a datetime2 data type to a datetime data type resulted in an out-of-range value.
The statement has been terminated..</Message>
          <StackTrace>    at System.Data.SqlClient.SqlConnection.OnError(SqlException exception, Boolean breakConnection)
   at System.Data.SqlClient.SqlInternalConnection.OnError(SqlException exception, Boolean breakConnection)
   at System.Data.SqlClient.TdsParser.ThrowExceptionAndWarning()
   at System.Data.SqlClient.TdsParser.Run(RunBehavior runBehavior, SqlCommand cmdHandler, SqlDataReader dataStream, BulkCopySimpleResultSet bulkCopyHandler, TdsParserStateObject stateObj)
   at System.Data.SqlClient.SqlDataReader.ConsumeMetaData()
   at System.Data.SqlClient.SqlDataReader.get_MetaData()
   at System.Data.SqlClient.SqlCommand.FinishExecuteReader(SqlDataReader ds, RunBehavior runBehavior, String resetOptionsString)
   at System.Data.SqlClient.SqlCommand.RunExecuteReaderTds(CommandBehavior cmdBehavior, RunBehavior runBehavior, Boolean returnStream, Boolean async)
   at System.Data.SqlClient.SqlCommand.RunExecuteReader(CommandBehavior cmdBehavior, RunBehavior runBehavior, Boolean returnStream, String method, DbAsyncResult result)
   at System.Data.SqlClient.SqlCommand.RunExecuteReader(CommandBehavior cmdBehavior, RunBehavior runBehavior, Boolean returnStream, String method)
   at System.Data.SqlClient.SqlCommand.ExecuteReader(CommandBehavior behavior, String method)
   at System.Data.SqlClient.SqlCommand.ExecuteDbDataReader(CommandBehavior behavior)
   at System.Data.Common.DbCommand.ExecuteReader(CommandBehavior behavior)
   at System.Data.Mapping.Update.Internal.DynamicUpdateCommand.Execute(UpdateTranslator translator, EntityConnection connection, Dictionary`2 identifierValues, List`1 generatedValues)
   at System.Data.Mapping.Update.Internal.UpdateTranslator.Update(IEntityStateManager stateManager, IEntityAdapter adapter)
 --- End of inner exception stack trace ---
    at System.Data.Mapping.Update.Internal.UpdateTranslator.Update(IEntityStateManager stateManager, IEntityAdapter adapter)
   at System.Data.EntityClient.EntityAdapter.Update(IEntityStateManager entityCache)
   at System.Data.Objects.ObjectContext.SaveChanges(SaveOptions options)
   at Veritas.DataLayer.VeritasRepository.Save() in C:\csharp\Veritas 3\DataLayer\Veritas.DataLayer\VeritasRepository.cs:line 78
   at Veritas.Tests.TestBase.MyTestInitialize() in C:\csharp\Veritas 3\Tests\Veritas.Tests\TestBase.cs:line 88
</StackTrace>
        </ErrorInfo>
      </Output>
    </UnitTestResult>
    <UnitTestResult executionId="9b93822a-1df3-4fd6-9bf8-8429ce492cf4" testId="ea3d664f-a9b3-4272-66e4-7640a3a556af" testName="DeleteBlogLogTest" computerName="OMEGA" duration="00:00:00.0170829" startTime="2011-04-10T20:55:00.8353070-04:00" endTime="2011-04-10T20:55:00.8653087-04:00" testType="13cdc9d9-ddb5-4fa4-a97d-d965ccfc6d4b" outcome="Failed" testListId="8c84fa94-04c1-424b-9868-57a2d4851a1d" relativeResultsDirectory="9b93822a-1df3-4fd6-9bf8-8429ce492cf4">
      <Output>
        <ErrorInfo>
          <Message>Initialization method Veritas.Tests.VeritasRepositoryTest.MyTestInitialize threw exception. System.Data.UpdateException: System.Data.UpdateException: An error occurred while updating the entries. See the inner exception for details. ---&gt; System.Data.SqlClient.SqlException: The conversion of a datetime2 data type to a datetime data type resulted in an out-of-range value.
The statement has been terminated..</Message>
          <StackTrace>    at System.Data.SqlClient.SqlConnection.OnError(SqlException exception, Boolean breakConnection)
   at System.Data.SqlClient.SqlInternalConnection.OnError(SqlException exception, Boolean breakConnection)
   at System.Data.SqlClient.TdsParser.ThrowExceptionAndWarning()
   at System.Data.SqlClient.TdsParser.Run(RunBehavior runBehavior, SqlCommand cmdHandler, SqlDataReader dataStream, BulkCopySimpleResultSet bulkCopyHandler, TdsParserStateObject stateObj)
   at System.Data.SqlClient.SqlDataReader.ConsumeMetaData()
   at System.Data.SqlClient.SqlDataReader.get_MetaData()
   at System.Data.SqlClient.SqlCommand.FinishExecuteReader(SqlDataReader ds, RunBehavior runBehavior, String resetOptionsString)
   at System.Data.SqlClient.SqlCommand.RunExecuteReaderTds(CommandBehavior cmdBehavior, RunBehavior runBehavior, Boolean returnStream, Boolean async)
   at System.Data.SqlClient.SqlCommand.RunExecuteReader(CommandBehavior cmdBehavior, RunBehavior runBehavior, Boolean returnStream, String method, DbAsyncResult result)
   at System.Data.SqlClient.SqlCommand.RunExecuteReader(CommandBehavior cmdBehavior, RunBehavior runBehavior, Boolean returnStream, String method)
   at System.Data.SqlClient.SqlCommand.ExecuteReader(CommandBehavior behavior, String method)
   at System.Data.SqlClient.SqlCommand.ExecuteDbDataReader(CommandBehavior behavior)
   at System.Data.Common.DbCommand.ExecuteReader(CommandBehavior behavior)
   at System.Data.Mapping.Update.Internal.DynamicUpdateCommand.Execute(UpdateTranslator translator, EntityConnection connection, Dictionary`2 identifierValues, List`1 generatedValues)
   at System.Data.Mapping.Update.Internal.UpdateTranslator.Update(IEntityStateManager stateManager, IEntityAdapter adapter)
 --- End of inner exception stack trace ---
    at System.Data.Mapping.Update.Internal.UpdateTranslator.Update(IEntityStateManager stateManager, IEntityAdapter adapter)
   at System.Data.EntityClient.EntityAdapter.Update(IEntityStateManager entityCache)
   at System.Data.Objects.ObjectContext.SaveChanges(SaveOptions options)
   at Veritas.DataLayer.VeritasRepository.Save() in C:\csharp\Veritas 3\DataLayer\Veritas.DataLayer\VeritasRepository.cs:line 78
   at Veritas.Tests.TestBase.MyTestInitialize() in C:\csharp\Veritas 3\Tests\Veritas.Tests\TestBase.cs:line 88
</StackTrace>
        </ErrorInfo>
      </Output>
    </UnitTestResult>
    <UnitTestResult executionId="eced7932-b44f-4d57-bea5-b5a0ea36d2c0" testId="fb1c259e-a5d3-4d6f-eb1f-88e915527312" testName="GetRecentEntriesTest1" computerName="OMEGA" duration="00:00:00.0208253" startTime="2011-04-10T20:55:00.8733092-04:00" endTime="2011-04-10T20:55:00.9013108-04:00" testType="13cdc9d9-ddb5-4fa4-a97d-d965ccfc6d4b" outcome="Failed" testListId="8c84fa94-04c1-424b-9868-57a2d4851a1d" relativeResultsDirectory="eced7932-b44f-4d57-bea5-b5a0ea36d2c0">
      <Output>
        <ErrorInfo>
          <Message>Initialization method Veritas.Tests.VeritasRepositoryTest.MyTestInitialize threw exception. System.Data.UpdateException: System.Data.UpdateException: An error occurred while updating the entries. See the inner exception for details. ---&gt; System.Data.SqlClient.SqlException: The conversion of a datetime2 data type to a datetime data type resulted in an out-of-range value.
The statement has been terminated..</Message>
          <StackTrace>    at System.Data.SqlClient.SqlConnection.OnError(SqlException exception, Boolean breakConnection)
   at System.Data.SqlClient.SqlInternalConnection.OnError(SqlException exception, Boolean breakConnection)
   at System.Data.SqlClient.TdsParser.ThrowExceptionAndWarning()
   at System.Data.SqlClient.TdsParser.Run(RunBehavior runBehavior, SqlCommand cmdHandler, SqlDataReader dataStream, BulkCopySimpleResultSet bulkCopyHandler, TdsParserStateObject stateObj)
   at System.Data.SqlClient.SqlDataReader.ConsumeMetaData()
   at System.Data.SqlClient.SqlDataReader.get_MetaData()
   at System.Data.SqlClient.SqlCommand.FinishExecuteReader(SqlDataReader ds, RunBehavior runBehavior, String resetOptionsString)
   at System.Data.SqlClient.SqlCommand.RunExecuteReaderTds(CommandBehavior cmdBehavior, RunBehavior runBehavior, Boolean returnStream, Boolean async)
   at System.Data.SqlClient.SqlCommand.RunExecuteReader(CommandBehavior cmdBehavior, RunBehavior runBehavior, Boolean returnStream, String method, DbAsyncResult result)
   at System.Data.SqlClient.SqlCommand.RunExecuteReader(CommandBehavior cmdBehavior, RunBehavior runBehavior, Boolean returnStream, String method)
   at System.Data.SqlClient.SqlCommand.ExecuteReader(CommandBehavior behavior, String method)
   at System.Data.SqlClient.SqlCommand.ExecuteDbDataReader(CommandBehavior behavior)
   at System.Data.Common.DbCommand.ExecuteReader(CommandBehavior behavior)
   at System.Data.Mapping.Update.Internal.DynamicUpdateCommand.Execute(UpdateTranslator translator, EntityConnection connection, Dictionary`2 identifierValues, List`1 generatedValues)
   at System.Data.Mapping.Update.Internal.UpdateTranslator.Update(IEntityStateManager stateManager, IEntityAdapter adapter)
 --- End of inner exception stack trace ---
    at System.Data.Mapping.Update.Internal.UpdateTranslator.Update(IEntityStateManager stateManager, IEntityAdapter adapter)
   at System.Data.EntityClient.EntityAdapter.Update(IEntityStateManager entityCache)
   at System.Data.Objects.ObjectContext.SaveChanges(SaveOptions options)
   at Veritas.DataLayer.VeritasRepository.Save() in C:\csharp\Veritas 3\DataLayer\Veritas.DataLayer\VeritasRepository.cs:line 78
   at Veritas.Tests.TestBase.MyTestInitialize() in C:\csharp\Veritas 3\Tests\Veritas.Tests\TestBase.cs:line 88
</StackTrace>
        </ErrorInfo>
      </Output>
    </UnitTestResult>
  </Results>
</TestRun>